<?xml version="1.0" encoding="UTF-8"?>
<!-- Generated by org.testng.reporters.JUnitReportReporter -->
<testsuite hostname="ubuntu" name="seleniumTests.Navigation" tests="1" failures="0" timestamp="7 Jun 2013 09:54:52 GMT" time="13.997" errors="0">
  <testcase name="navigate" time="13.997" classname="seleniumTests.Navigation"/>
</testsuite> <!-- seleniumTests.Navigation -->
