<?xml version="1.0" encoding="UTF-8"?>
<!-- Generated by org.testng.reporters.JUnitReportReporter -->
<testsuite hostname="ubuntu" name="testng.TestngDataProvider" tests="7" failures="0" timestamp="9 Jun 2013 19:16:02 GMT" time="0.035" errors="0">
  <testcase name="mytest1" time="0.001" classname="testng.TestngDataProvider"/>
  <testcase name="mytest2" time="0.000" classname="testng.TestngDataProvider"/>
  <testcase name="mytest2" time="0.012" classname="testng.TestngDataProvider"/>
  <testcase name="mytest1" time="0.000" classname="testng.TestngDataProvider"/>
  <testcase name="mytest1" time="0.002" classname="testng.TestngDataProvider"/>
  <testcase name="mytest1" time="0.016" classname="testng.TestngDataProvider"/>
  <testcase name="mytest2" time="0.004" classname="testng.TestngDataProvider"/>
</testsuite> <!-- testng.TestngDataProvider -->
