<?xml version="1.0" encoding="UTF-8"?>
<!-- Generated by org.testng.reporters.JUnitReportReporter -->
<testsuite hostname="ubuntu" name="testng.TestngAnnotationsBeforeAfter" tests="3" failures="0" timestamp="10 Jun 2013 12:10:01 GMT" time="0.016" errors="0">
  <testcase name="mytest1" time="0.006" classname="testng.TestngAnnotationsBeforeAfter"/>
  <testcase name="mytest2" time="0.001" classname="testng.TestngAnnotationsBeforeAfter"/>
  <testcase name="mytest3" time="0.009" classname="testng.TestngAnnotationsBeforeAfter"/>
</testsuite> <!-- testng.TestngAnnotationsBeforeAfter -->
