<?xml version="1.0" encoding="UTF-8"?>
<!-- Generated by org.testng.reporters.JUnitReportReporter -->
<testsuite hostname="ubuntu" name="pageobjects.BasicFlightSearchTest" tests="1" failures="0" timestamp="10 Jun 2013 11:59:35 GMT" time="16.653" errors="0">
  <testcase name="flightSearch" time="16.653" classname="pageobjects.BasicFlightSearchTest"/>
</testsuite> <!-- pageobjects.BasicFlightSearchTest -->
