<?xml version="1.0" encoding="UTF-8"?>
<!-- Generated by org.testng.reporters.JUnitReportReporter -->
<testsuite hostname="ubuntu" name="testng.TestngBasicTests" tests="12" failures="0" timestamp="25 Jun 2013 23:34:03 GMT" time="0.678" errors="0">
  <testcase name="myFirstTestngTest" time="0.054" classname="testng.TestngBasicTests"/>
  <testcase name="myFirstTestngTest" time="0.053" classname="testng.TestngBasicTests"/>
  <testcase name="myFirstTestngTest" time="0.059" classname="testng.TestngBasicTests"/>
  <testcase name="myFirstTestngTest" time="0.053" classname="testng.TestngBasicTests"/>
  <testcase name="myFirstTestngTest" time="0.052" classname="testng.TestngBasicTests"/>
  <testcase name="myFirstTestngTest" time="0.064" classname="testng.TestngBasicTests"/>
  <testcase name="myFirstTestngTest" time="0.054" classname="testng.TestngBasicTests"/>
  <testcase name="myFirstTestngTest" time="0.054" classname="testng.TestngBasicTests"/>
  <testcase name="myFirstTestngTest" time="0.053" classname="testng.TestngBasicTests"/>
  <testcase name="myThirdTestngTest" time="0.068" classname="testng.TestngBasicTests"/>
  <testcase name="mySecondTestngTest" time="0.061" classname="testng.TestngBasicTests"/>
  <testcase name="myFirstTestngTest" time="0.053" classname="testng.TestngBasicTests"/>
</testsuite> <!-- testng.TestngBasicTests -->
