<?xml version="1.0" encoding="UTF-8"?>
<!-- Generated by org.testng.reporters.JUnitReportReporter -->
<testsuite hostname="ubuntu" name="seleniumTests.TestNGBrowserParameter" tests="1" failures="0" timestamp="7 Jun 2013 12:18:12 GMT" time="3.072" errors="0">
  <testcase name="browserParameters" time="3.072" classname="seleniumTests.TestNGBrowserParameter"/>
</testsuite> <!-- seleniumTests.TestNGBrowserParameter -->
