<?xml version="1.0" encoding="UTF-8"?>
<!-- Generated by org.testng.reporters.JUnitReportReporter -->
<testsuite hostname="ubuntu" name="seleniumTests.BasicTests" tests="1" failures="0" timestamp="7 Jun 2013 09:45:40 GMT" time="7.818" errors="0">
  <testcase name="sendKeysTestWithChrome" time="7.818" classname="seleniumTests.BasicTests"/>
</testsuite> <!-- seleniumTests.BasicTests -->
