<?xml version="1.0" encoding="UTF-8"?>
<!-- Generated by org.testng.reporters.JUnitReportReporter -->
<testsuite hostname="ubuntu" name="seleniumTests.RemoteWebdriverTests2" tests="10" failures="0" timestamp="9 Jul 2013 11:53:03 GMT" time="220.156" errors="0">
  <testcase name="remoteWebdriverFireFoxTest" time="7.853" classname="seleniumTests.RemoteWebdriverTests2"/>
  <testcase name="remoteWebdriverFireFoxTest" time="27.487" classname="seleniumTests.RemoteWebdriverTests2"/>
  <testcase name="remoteWebdriverFireFoxTest" time="29.624" classname="seleniumTests.RemoteWebdriverTests2"/>
  <testcase name="remoteWebdriverFireFoxTest" time="29.979" classname="seleniumTests.RemoteWebdriverTests2"/>
  <testcase name="remoteWebdriverFireFoxTest" time="23.376" classname="seleniumTests.RemoteWebdriverTests2"/>
  <testcase name="remoteWebdriverFireFoxTest" time="12.679" classname="seleniumTests.RemoteWebdriverTests2"/>
  <testcase name="remoteWebdriverFireFoxTest" time="18.995" classname="seleniumTests.RemoteWebdriverTests2"/>
  <testcase name="remoteWebdriverFireFoxTest" time="15.397" classname="seleniumTests.RemoteWebdriverTests2"/>
  <testcase name="remoteWebdriverFireFoxTest" time="36.205" classname="seleniumTests.RemoteWebdriverTests2"/>
  <testcase name="remoteWebdriverFireFoxTest" time="18.561" classname="seleniumTests.RemoteWebdriverTests2"/>
</testsuite> <!-- seleniumTests.RemoteWebdriverTests2 -->
