<?xml version="1.0" encoding="UTF-8"?>
<!-- Generated by org.testng.reporters.JUnitReportReporter -->
<testsuite hostname="ubuntu" name="jsonWireProtocol.MainClient" tests="1" failures="0" timestamp="4 Jun 2013 19:20:24 GMT" time="0.664" errors="0">
  <testcase name="typeSelenium" time="0.664" classname="jsonWireProtocol.MainClient"/>
</testsuite> <!-- jsonWireProtocol.MainClient -->
