<?xml version="1.0" encoding="UTF-8"?>
<!-- Generated by org.testng.reporters.JUnitReportReporter -->
<testsuite hostname="ubuntu" name="testng.TestngGroups" tests="5" failures="0" timestamp="9 Jun 2013 19:16:02 GMT" time="0.040" errors="0">
  <testcase name="mytest4" time="0.001" classname="testng.TestngGroups"/>
  <testcase name="mytest2" time="0.007" classname="testng.TestngGroups"/>
  <testcase name="mytest3" time="0.012" classname="testng.TestngGroups"/>
  <testcase name="mytest1" time="0.010" classname="testng.TestngGroups"/>
  <testcase name="mytest5" time="0.010" classname="testng.TestngGroups"/>
</testsuite> <!-- testng.TestngGroups -->
