<?xml version="1.0" encoding="UTF-8"?>
<!-- Generated by org.testng.reporters.JUnitReportReporter -->
<testsuite hostname="ubuntu" name="seleniumTests.Saucelabs" tests="1" failures="0" timestamp="7 Jul 2013 18:04:28 GMT" time="4.884" errors="0">
  <testcase name="mytest" time="4.884" classname="seleniumTests.Saucelabs"/>
</testsuite> <!-- seleniumTests.Saucelabs -->
