<?xml version="1.0" encoding="UTF-8"?>
<!-- Generated by org.testng.reporters.JUnitReportReporter -->
<testsuite hostname="ubuntu" name="seleniumTests.PopUps" tests="1" failures="0" timestamp="7 Jun 2013 09:51:35 GMT" time="10.280" errors="0">
  <testcase name="popUp" time="10.280" classname="seleniumTests.PopUps"/>
</testsuite> <!-- seleniumTests.PopUps -->
