<?xml version="1.0" encoding="UTF-8"?>
<!-- Generated by org.testng.reporters.JUnitReportReporter -->
<testsuite hostname="ubuntu" name="seleniumTests.GridTests" tests="5" failures="0" timestamp="7 Jun 2013 12:10:45 GMT" time="52.567" errors="0">
  <testcase name="firefox2" time="15.195" classname="seleniumTests.GridTests"/>
  <testcase name="chrome3" time="9.381" classname="seleniumTests.GridTests"/>
  <testcase name="chrome2" time="7.644" classname="seleniumTests.GridTests"/>
  <testcase name="firefox1" time="12.653" classname="seleniumTests.GridTests"/>
  <testcase name="chrome1" time="7.694" classname="seleniumTests.GridTests"/>
</testsuite> <!-- seleniumTests.GridTests -->
