<?xml version="1.0" encoding="UTF-8"?>
<!-- Generated by org.testng.reporters.JUnitReportReporter -->
<testsuite hostname="ubuntu" name="testng.TestngInvocationCount" tests="1000" failures="0" timestamp="9 Jun 2013 19:17:42 GMT" time="16.292" errors="0">
  <testcase name="invocationCountTest" time="0.001" classname="testng.TestngInvocationCount"/>
  <testcase name="invocationCountTest" time="0.000" classname="testng.TestngInvocationCount"/>
  <testcase name="invocationCountTest" time="0.000" classname="testng.TestngInvocationCount"/>
  <testcase name="invocationCountTest" time="0.000" classname="testng.TestngInvocationCount"/>
  <testcase name="invocationCountTest" time="0.025" classname="testng.TestngInvocationCount"/>
  <testcase name="invocationCountTest" time="0.000" classname="testng.TestngInvocationCount"/>
  <testcase name="invocationCountTest" time="0.001" classname="testng.TestngInvocationCount"/>
  <testcase name="invocationCountTest" time="0.000" classname="testng.TestngInvocationCount"/>
  <testcase name="invocationCountTest" time="0.018" classname="testng.TestngInvocationCount"/>
  <testcase name="invocationCountTest" time="0.030" classname="testng.TestngInvocationCount"/>
  <testcase name="invocationCountTest" time="0.000" classname="testng.TestngInvocationCount"/>
  <testcase name="invocationCountTest" time="0.001" classname="testng.TestngInvocationCount"/>
  <testcase name="invocationCountTest" time="0.000" classname="testng.TestngInvocationCount"/>
  <testcase name="invocationCountTest" time="0.005" classname="testng.TestngInvocationCount"/>
  <testcase name="invocationCountTest" time="0.000" classname="testng.TestngInvocationCount"/>
  <testcase name="invocationCountTest" time="0.049" classname="testng.TestngInvocationCount"/>
  <testcase name="invocationCountTest" time="0.000" classname="testng.TestngInvocationCount"/>
  <testcase name="invocationCountTest" time="0.000" classname="testng.TestngInvocationCount"/>
  <testcase name="invocationCountTest" time="0.000" classname="testng.TestngInvocationCount"/>
  <testcase name="invocationCountTest" time="0.372" classname="testng.TestngInvocationCount"/>
  <testcase name="invocationCountTest" time="0.000" classname="testng.TestngInvocationCount"/>
  <testcase name="invocationCountTest" time="0.000" classname="testng.TestngInvocationCount"/>
  <testcase name="invocationCountTest" time="0.002" classname="testng.TestngInvocationCount"/>
  <testcase name="invocationCountTest" time="0.000" classname="testng.TestngInvocationCount"/>
  <testcase name="invocationCountTest" time="0.008" classname="testng.TestngInvocationCount"/>
  <testcase name="invocationCountTest" time="0.000" classname="testng.TestngInvocationCount"/>
  <testcase name="invocationCountTest" time="0.000" classname="testng.TestngInvocationCount"/>
  <testcase name="invocationCountTest" time="0.000" classname="testng.TestngInvocationCount"/>
  <testcase name="invocationCountTest" time="0.000" classname="testng.TestngInvocationCount"/>
  <testcase name="invocationCountTest" time="0.106" classname="testng.TestngInvocationCount"/>
  <testcase name="invocationCountTest" time="0.000" classname="testng.TestngInvocationCount"/>
  <testcase name="invocationCountTest" time="0.000" classname="testng.TestngInvocationCount"/>
  <testcase name="invocationCountTest" time="0.006" classname="testng.TestngInvocationCount"/>
  <testcase name="invocationCountTest" time="0.000" classname="testng.TestngInvocationCount"/>
  <testcase name="invocationCountTest" time="0.000" classname="testng.TestngInvocationCount"/>
  <testcase name="invocationCountTest" time="0.001" classname="testng.TestngInvocationCount"/>
  <testcase name="invocationCountTest" time="0.000" classname="testng.TestngInvocationCount"/>
  <testcase name="invocationCountTest" time="0.000" classname="testng.TestngInvocationCount"/>
  <testcase name="invocationCountTest" time="0.000" classname="testng.TestngInvocationCount"/>
  <testcase name="invocationCountTest" time="0.000" classname="testng.TestngInvocationCount"/>
  <testcase name="invocationCountTest" time="0.082" classname="testng.TestngInvocationCount"/>
  <testcase name="invocationCountTest" time="0.000" classname="testng.TestngInvocationCount"/>
  <testcase name="invocationCountTest" time="0.037" classname="testng.TestngInvocationCount"/>
  <testcase name="invocationCountTest" time="0.000" classname="testng.TestngInvocationCount"/>
  <testcase name="invocationCountTest" time="0.000" classname="testng.TestngInvocationCount"/>
  <testcase name="invocationCountTest" time="0.001" classname="testng.TestngInvocationCount"/>
  <testcase name="invocationCountTest" time="0.000" classname="testng.TestngInvocationCount"/>
  <testcase name="invocationCountTest" time="0.006" classname="testng.TestngInvocationCount"/>
  <testcase name="invocationCountTest" time="0.020" classname="testng.TestngInvocationCount"/>
  <testcase name="invocationCountTest" time="0.000" classname="testng.TestngInvocationCount"/>
  <testcase name="invocationCountTest" time="0.028" classname="testng.TestngInvocationCount"/>
  <testcase name="invocationCountTest" time="0.045" classname="testng.TestngInvocationCount"/>
  <testcase name="invocationCountTest" time="0.000" classname="testng.TestngInvocationCount"/>
  <testcase name="invocationCountTest" time="0.000" classname="testng.TestngInvocationCount"/>
  <testcase name="invocationCountTest" time="0.010" classname="testng.TestngInvocationCount"/>
  <testcase name="invocationCountTest" time="0.000" classname="testng.TestngInvocationCount"/>
  <testcase name="invocationCountTest" time="0.000" classname="testng.TestngInvocationCount"/>
  <testcase name="invocationCountTest" time="0.000" classname="testng.TestngInvocationCount"/>
  <testcase name="invocationCountTest" time="0.000" classname="testng.TestngInvocationCount"/>
  <testcase name="invocationCountTest" time="0.000" classname="testng.TestngInvocationCount"/>
  <testcase name="invocationCountTest" time="0.000" classname="testng.TestngInvocationCount"/>
  <testcase name="invocationCountTest" time="0.000" classname="testng.TestngInvocationCount"/>
  <testcase name="invocationCountTest" time="0.000" classname="testng.TestngInvocationCount"/>
  <testcase name="invocationCountTest" time="0.000" classname="testng.TestngInvocationCount"/>
  <testcase name="invocationCountTest" time="0.000" classname="testng.TestngInvocationCount"/>
  <testcase name="invocationCountTest" time="0.000" classname="testng.TestngInvocationCount"/>
  <testcase name="invocationCountTest" time="0.000" classname="testng.TestngInvocationCount"/>
  <testcase name="invocationCountTest" time="0.000" classname="testng.TestngInvocationCount"/>
  <testcase name="invocationCountTest" time="0.000" classname="testng.TestngInvocationCount"/>
  <testcase name="invocationCountTest" time="0.001" classname="testng.TestngInvocationCount"/>
  <testcase name="invocationCountTest" time="0.000" classname="testng.TestngInvocationCount"/>
  <testcase name="invocationCountTest" time="0.000" classname="testng.TestngInvocationCount"/>
  <testcase name="invocationCountTest" time="0.000" classname="testng.TestngInvocationCount"/>
  <testcase name="invocationCountTest" time="0.020" classname="testng.TestngInvocationCount"/>
  <testcase name="invocationCountTest" time="0.000" classname="testng.TestngInvocationCount"/>
  <testcase name="invocationCountTest" time="0.035" classname="testng.TestngInvocationCount"/>
  <testcase name="invocationCountTest" time="0.000" classname="testng.TestngInvocationCount"/>
  <testcase name="invocationCountTest" time="0.000" classname="testng.TestngInvocationCount"/>
  <testcase name="invocationCountTest" time="0.000" classname="testng.TestngInvocationCount"/>
  <testcase name="invocationCountTest" time="0.000" classname="testng.TestngInvocationCount"/>
  <testcase name="invocationCountTest" time="0.106" classname="testng.TestngInvocationCount"/>
  <testcase name="invocationCountTest" time="0.000" classname="testng.TestngInvocationCount"/>
  <testcase name="invocationCountTest" time="0.000" classname="testng.TestngInvocationCount"/>
  <testcase name="invocationCountTest" time="0.000" classname="testng.TestngInvocationCount"/>
  <testcase name="invocationCountTest" time="0.017" classname="testng.TestngInvocationCount"/>
  <testcase name="invocationCountTest" time="0.000" classname="testng.TestngInvocationCount"/>
  <testcase name="invocationCountTest" time="0.000" classname="testng.TestngInvocationCount"/>
  <testcase name="invocationCountTest" time="0.000" classname="testng.TestngInvocationCount"/>
  <testcase name="invocationCountTest" time="0.000" classname="testng.TestngInvocationCount"/>
  <testcase name="invocationCountTest" time="0.000" classname="testng.TestngInvocationCount"/>
  <testcase name="invocationCountTest" time="0.000" classname="testng.TestngInvocationCount"/>
  <testcase name="invocationCountTest" time="0.010" classname="testng.TestngInvocationCount"/>
  <testcase name="invocationCountTest" time="0.000" classname="testng.TestngInvocationCount"/>
  <testcase name="invocationCountTest" time="0.000" classname="testng.TestngInvocationCount"/>
  <testcase name="invocationCountTest" time="0.001" classname="testng.TestngInvocationCount"/>
  <testcase name="invocationCountTest" time="0.034" classname="testng.TestngInvocationCount"/>
  <testcase name="invocationCountTest" time="0.000" classname="testng.TestngInvocationCount"/>
  <testcase name="invocationCountTest" time="0.000" classname="testng.TestngInvocationCount"/>
  <testcase name="invocationCountTest" time="0.105" classname="testng.TestngInvocationCount"/>
  <testcase name="invocationCountTest" time="0.000" classname="testng.TestngInvocationCount"/>
  <testcase name="invocationCountTest" time="0.000" classname="testng.TestngInvocationCount"/>
  <testcase name="invocationCountTest" time="0.036" classname="testng.TestngInvocationCount"/>
  <testcase name="invocationCountTest" time="0.000" classname="testng.TestngInvocationCount"/>
  <testcase name="invocationCountTest" time="0.000" classname="testng.TestngInvocationCount"/>
  <testcase name="invocationCountTest" time="0.454" classname="testng.TestngInvocationCount"/>
  <testcase name="invocationCountTest" time="0.000" classname="testng.TestngInvocationCount"/>
  <testcase name="invocationCountTest" time="0.103" classname="testng.TestngInvocationCount"/>
  <testcase name="invocationCountTest" time="0.000" classname="testng.TestngInvocationCount"/>
  <testcase name="invocationCountTest" time="0.001" classname="testng.TestngInvocationCount"/>
  <testcase name="invocationCountTest" time="0.000" classname="testng.TestngInvocationCount"/>
  <testcase name="invocationCountTest" time="0.005" classname="testng.TestngInvocationCount"/>
  <testcase name="invocationCountTest" time="0.000" classname="testng.TestngInvocationCount"/>
  <testcase name="invocationCountTest" time="0.032" classname="testng.TestngInvocationCount"/>
  <testcase name="invocationCountTest" time="0.000" classname="testng.TestngInvocationCount"/>
  <testcase name="invocationCountTest" time="0.000" classname="testng.TestngInvocationCount"/>
  <testcase name="invocationCountTest" time="0.000" classname="testng.TestngInvocationCount"/>
  <testcase name="invocationCountTest" time="0.001" classname="testng.TestngInvocationCount"/>
  <testcase name="invocationCountTest" time="0.001" classname="testng.TestngInvocationCount"/>
  <testcase name="invocationCountTest" time="0.000" classname="testng.TestngInvocationCount"/>
  <testcase name="invocationCountTest" time="0.000" classname="testng.TestngInvocationCount"/>
  <testcase name="invocationCountTest" time="0.000" classname="testng.TestngInvocationCount"/>
  <testcase name="invocationCountTest" time="0.000" classname="testng.TestngInvocationCount"/>
  <testcase name="invocationCountTest" time="0.000" classname="testng.TestngInvocationCount"/>
  <testcase name="invocationCountTest" time="0.000" classname="testng.TestngInvocationCount"/>
  <testcase name="invocationCountTest" time="0.005" classname="testng.TestngInvocationCount"/>
  <testcase name="invocationCountTest" time="0.000" classname="testng.TestngInvocationCount"/>
  <testcase name="invocationCountTest" time="0.000" classname="testng.TestngInvocationCount"/>
  <testcase name="invocationCountTest" time="0.000" classname="testng.TestngInvocationCount"/>
  <testcase name="invocationCountTest" time="0.001" classname="testng.TestngInvocationCount"/>
  <testcase name="invocationCountTest" time="0.001" classname="testng.TestngInvocationCount"/>
  <testcase name="invocationCountTest" time="0.000" classname="testng.TestngInvocationCount"/>
  <testcase name="invocationCountTest" time="0.002" classname="testng.TestngInvocationCount"/>
  <testcase name="invocationCountTest" time="0.000" classname="testng.TestngInvocationCount"/>
  <testcase name="invocationCountTest" time="0.000" classname="testng.TestngInvocationCount"/>
  <testcase name="invocationCountTest" time="0.001" classname="testng.TestngInvocationCount"/>
  <testcase name="invocationCountTest" time="0.000" classname="testng.TestngInvocationCount"/>
  <testcase name="invocationCountTest" time="0.023" classname="testng.TestngInvocationCount"/>
  <testcase name="invocationCountTest" time="0.013" classname="testng.TestngInvocationCount"/>
  <testcase name="invocationCountTest" time="0.001" classname="testng.TestngInvocationCount"/>
  <testcase name="invocationCountTest" time="0.000" classname="testng.TestngInvocationCount"/>
  <testcase name="invocationCountTest" time="0.000" classname="testng.TestngInvocationCount"/>
  <testcase name="invocationCountTest" time="0.000" classname="testng.TestngInvocationCount"/>
  <testcase name="invocationCountTest" time="0.000" classname="testng.TestngInvocationCount"/>
  <testcase name="invocationCountTest" time="0.000" classname="testng.TestngInvocationCount"/>
  <testcase name="invocationCountTest" time="0.000" classname="testng.TestngInvocationCount"/>
  <testcase name="invocationCountTest" time="0.000" classname="testng.TestngInvocationCount"/>
  <testcase name="invocationCountTest" time="0.031" classname="testng.TestngInvocationCount"/>
  <testcase name="invocationCountTest" time="0.000" classname="testng.TestngInvocationCount"/>
  <testcase name="invocationCountTest" time="0.001" classname="testng.TestngInvocationCount"/>
  <testcase name="invocationCountTest" time="0.001" classname="testng.TestngInvocationCount"/>
  <testcase name="invocationCountTest" time="0.000" classname="testng.TestngInvocationCount"/>
  <testcase name="invocationCountTest" time="0.356" classname="testng.TestngInvocationCount"/>
  <testcase name="invocationCountTest" time="0.000" classname="testng.TestngInvocationCount"/>
  <testcase name="invocationCountTest" time="0.008" classname="testng.TestngInvocationCount"/>
  <testcase name="invocationCountTest" time="0.000" classname="testng.TestngInvocationCount"/>
  <testcase name="invocationCountTest" time="0.001" classname="testng.TestngInvocationCount"/>
  <testcase name="invocationCountTest" time="0.000" classname="testng.TestngInvocationCount"/>
  <testcase name="invocationCountTest" time="0.041" classname="testng.TestngInvocationCount"/>
  <testcase name="invocationCountTest" time="0.000" classname="testng.TestngInvocationCount"/>
  <testcase name="invocationCountTest" time="0.000" classname="testng.TestngInvocationCount"/>
  <testcase name="invocationCountTest" time="0.000" classname="testng.TestngInvocationCount"/>
  <testcase name="invocationCountTest" time="0.000" classname="testng.TestngInvocationCount"/>
  <testcase name="invocationCountTest" time="0.027" classname="testng.TestngInvocationCount"/>
  <testcase name="invocationCountTest" time="0.000" classname="testng.TestngInvocationCount"/>
  <testcase name="invocationCountTest" time="0.020" classname="testng.TestngInvocationCount"/>
  <testcase name="invocationCountTest" time="0.000" classname="testng.TestngInvocationCount"/>
  <testcase name="invocationCountTest" time="0.006" classname="testng.TestngInvocationCount"/>
  <testcase name="invocationCountTest" time="0.000" classname="testng.TestngInvocationCount"/>
  <testcase name="invocationCountTest" time="0.000" classname="testng.TestngInvocationCount"/>
  <testcase name="invocationCountTest" time="0.000" classname="testng.TestngInvocationCount"/>
  <testcase name="invocationCountTest" time="0.000" classname="testng.TestngInvocationCount"/>
  <testcase name="invocationCountTest" time="0.001" classname="testng.TestngInvocationCount"/>
  <testcase name="invocationCountTest" time="0.032" classname="testng.TestngInvocationCount"/>
  <testcase name="invocationCountTest" time="0.000" classname="testng.TestngInvocationCount"/>
  <testcase name="invocationCountTest" time="0.062" classname="testng.TestngInvocationCount"/>
  <testcase name="invocationCountTest" time="0.004" classname="testng.TestngInvocationCount"/>
  <testcase name="invocationCountTest" time="0.003" classname="testng.TestngInvocationCount"/>
  <testcase name="invocationCountTest" time="0.000" classname="testng.TestngInvocationCount"/>
  <testcase name="invocationCountTest" time="0.001" classname="testng.TestngInvocationCount"/>
  <testcase name="invocationCountTest" time="0.000" classname="testng.TestngInvocationCount"/>
  <testcase name="invocationCountTest" time="0.053" classname="testng.TestngInvocationCount"/>
  <testcase name="invocationCountTest" time="0.000" classname="testng.TestngInvocationCount"/>
  <testcase name="invocationCountTest" time="0.000" classname="testng.TestngInvocationCount"/>
  <testcase name="invocationCountTest" time="0.010" classname="testng.TestngInvocationCount"/>
  <testcase name="invocationCountTest" time="0.106" classname="testng.TestngInvocationCount"/>
  <testcase name="invocationCountTest" time="0.000" classname="testng.TestngInvocationCount"/>
  <testcase name="invocationCountTest" time="0.000" classname="testng.TestngInvocationCount"/>
  <testcase name="invocationCountTest" time="0.001" classname="testng.TestngInvocationCount"/>
  <testcase name="invocationCountTest" time="0.001" classname="testng.TestngInvocationCount"/>
  <testcase name="invocationCountTest" time="0.000" classname="testng.TestngInvocationCount"/>
  <testcase name="invocationCountTest" time="0.000" classname="testng.TestngInvocationCount"/>
  <testcase name="invocationCountTest" time="0.009" classname="testng.TestngInvocationCount"/>
  <testcase name="invocationCountTest" time="0.000" classname="testng.TestngInvocationCount"/>
  <testcase name="invocationCountTest" time="0.000" classname="testng.TestngInvocationCount"/>
  <testcase name="invocationCountTest" time="0.000" classname="testng.TestngInvocationCount"/>
  <testcase name="invocationCountTest" time="0.000" classname="testng.TestngInvocationCount"/>
  <testcase name="invocationCountTest" time="0.000" classname="testng.TestngInvocationCount"/>
  <testcase name="invocationCountTest" time="0.007" classname="testng.TestngInvocationCount"/>
  <testcase name="invocationCountTest" time="0.006" classname="testng.TestngInvocationCount"/>
  <testcase name="invocationCountTest" time="0.052" classname="testng.TestngInvocationCount"/>
  <testcase name="invocationCountTest" time="0.000" classname="testng.TestngInvocationCount"/>
  <testcase name="invocationCountTest" time="0.000" classname="testng.TestngInvocationCount"/>
  <testcase name="invocationCountTest" time="0.000" classname="testng.TestngInvocationCount"/>
  <testcase name="invocationCountTest" time="0.030" classname="testng.TestngInvocationCount"/>
  <testcase name="invocationCountTest" time="0.027" classname="testng.TestngInvocationCount"/>
  <testcase name="invocationCountTest" time="0.000" classname="testng.TestngInvocationCount"/>
  <testcase name="invocationCountTest" time="0.000" classname="testng.TestngInvocationCount"/>
  <testcase name="invocationCountTest" time="0.000" classname="testng.TestngInvocationCount"/>
  <testcase name="invocationCountTest" time="0.000" classname="testng.TestngInvocationCount"/>
  <testcase name="invocationCountTest" time="0.000" classname="testng.TestngInvocationCount"/>
  <testcase name="invocationCountTest" time="0.000" classname="testng.TestngInvocationCount"/>
  <testcase name="invocationCountTest" time="0.000" classname="testng.TestngInvocationCount"/>
  <testcase name="invocationCountTest" time="0.000" classname="testng.TestngInvocationCount"/>
  <testcase name="invocationCountTest" time="0.000" classname="testng.TestngInvocationCount"/>
  <testcase name="invocationCountTest" time="0.000" classname="testng.TestngInvocationCount"/>
  <testcase name="invocationCountTest" time="0.001" classname="testng.TestngInvocationCount"/>
  <testcase name="invocationCountTest" time="0.000" classname="testng.TestngInvocationCount"/>
  <testcase name="invocationCountTest" time="0.000" classname="testng.TestngInvocationCount"/>
  <testcase name="invocationCountTest" time="0.000" classname="testng.TestngInvocationCount"/>
  <testcase name="invocationCountTest" time="0.008" classname="testng.TestngInvocationCount"/>
  <testcase name="invocationCountTest" time="0.000" classname="testng.TestngInvocationCount"/>
  <testcase name="invocationCountTest" time="0.000" classname="testng.TestngInvocationCount"/>
  <testcase name="invocationCountTest" time="0.001" classname="testng.TestngInvocationCount"/>
  <testcase name="invocationCountTest" time="0.000" classname="testng.TestngInvocationCount"/>
  <testcase name="invocationCountTest" time="0.000" classname="testng.TestngInvocationCount"/>
  <testcase name="invocationCountTest" time="0.000" classname="testng.TestngInvocationCount"/>
  <testcase name="invocationCountTest" time="0.062" classname="testng.TestngInvocationCount"/>
  <testcase name="invocationCountTest" time="0.001" classname="testng.TestngInvocationCount"/>
  <testcase name="invocationCountTest" time="0.000" classname="testng.TestngInvocationCount"/>
  <testcase name="invocationCountTest" time="0.000" classname="testng.TestngInvocationCount"/>
  <testcase name="invocationCountTest" time="0.000" classname="testng.TestngInvocationCount"/>
  <testcase name="invocationCountTest" time="0.001" classname="testng.TestngInvocationCount"/>
  <testcase name="invocationCountTest" time="0.000" classname="testng.TestngInvocationCount"/>
  <testcase name="invocationCountTest" time="0.105" classname="testng.TestngInvocationCount"/>
  <testcase name="invocationCountTest" time="0.000" classname="testng.TestngInvocationCount"/>
  <testcase name="invocationCountTest" time="0.000" classname="testng.TestngInvocationCount"/>
  <testcase name="invocationCountTest" time="0.001" classname="testng.TestngInvocationCount"/>
  <testcase name="invocationCountTest" time="0.000" classname="testng.TestngInvocationCount"/>
  <testcase name="invocationCountTest" time="0.000" classname="testng.TestngInvocationCount"/>
  <testcase name="invocationCountTest" time="0.003" classname="testng.TestngInvocationCount"/>
  <testcase name="invocationCountTest" time="0.003" classname="testng.TestngInvocationCount"/>
  <testcase name="invocationCountTest" time="0.106" classname="testng.TestngInvocationCount"/>
  <testcase name="invocationCountTest" time="0.000" classname="testng.TestngInvocationCount"/>
  <testcase name="invocationCountTest" time="0.000" classname="testng.TestngInvocationCount"/>
  <testcase name="invocationCountTest" time="0.000" classname="testng.TestngInvocationCount"/>
  <testcase name="invocationCountTest" time="0.000" classname="testng.TestngInvocationCount"/>
  <testcase name="invocationCountTest" time="0.000" classname="testng.TestngInvocationCount"/>
  <testcase name="invocationCountTest" time="0.000" classname="testng.TestngInvocationCount"/>
  <testcase name="invocationCountTest" time="0.000" classname="testng.TestngInvocationCount"/>
  <testcase name="invocationCountTest" time="0.000" classname="testng.TestngInvocationCount"/>
  <testcase name="invocationCountTest" time="0.001" classname="testng.TestngInvocationCount"/>
  <testcase name="invocationCountTest" time="0.000" classname="testng.TestngInvocationCount"/>
  <testcase name="invocationCountTest" time="0.000" classname="testng.TestngInvocationCount"/>
  <testcase name="invocationCountTest" time="0.001" classname="testng.TestngInvocationCount"/>
  <testcase name="invocationCountTest" time="0.039" classname="testng.TestngInvocationCount"/>
  <testcase name="invocationCountTest" time="0.000" classname="testng.TestngInvocationCount"/>
  <testcase name="invocationCountTest" time="0.000" classname="testng.TestngInvocationCount"/>
  <testcase name="invocationCountTest" time="0.000" classname="testng.TestngInvocationCount"/>
  <testcase name="invocationCountTest" time="0.040" classname="testng.TestngInvocationCount"/>
  <testcase name="invocationCountTest" time="0.001" classname="testng.TestngInvocationCount"/>
  <testcase name="invocationCountTest" time="0.000" classname="testng.TestngInvocationCount"/>
  <testcase name="invocationCountTest" time="0.000" classname="testng.TestngInvocationCount"/>
  <testcase name="invocationCountTest" time="0.001" classname="testng.TestngInvocationCount"/>
  <testcase name="invocationCountTest" time="0.000" classname="testng.TestngInvocationCount"/>
  <testcase name="invocationCountTest" time="0.000" classname="testng.TestngInvocationCount"/>
  <testcase name="invocationCountTest" time="0.001" classname="testng.TestngInvocationCount"/>
  <testcase name="invocationCountTest" time="0.001" classname="testng.TestngInvocationCount"/>
  <testcase name="invocationCountTest" time="0.106" classname="testng.TestngInvocationCount"/>
  <testcase name="invocationCountTest" time="0.020" classname="testng.TestngInvocationCount"/>
  <testcase name="invocationCountTest" time="0.000" classname="testng.TestngInvocationCount"/>
  <testcase name="invocationCountTest" time="0.010" classname="testng.TestngInvocationCount"/>
  <testcase name="invocationCountTest" time="0.006" classname="testng.TestngInvocationCount"/>
  <testcase name="invocationCountTest" time="0.000" classname="testng.TestngInvocationCount"/>
  <testcase name="invocationCountTest" time="0.000" classname="testng.TestngInvocationCount"/>
  <testcase name="invocationCountTest" time="0.000" classname="testng.TestngInvocationCount"/>
  <testcase name="invocationCountTest" time="0.011" classname="testng.TestngInvocationCount"/>
  <testcase name="invocationCountTest" time="0.000" classname="testng.TestngInvocationCount"/>
  <testcase name="invocationCountTest" time="0.000" classname="testng.TestngInvocationCount"/>
  <testcase name="invocationCountTest" time="0.000" classname="testng.TestngInvocationCount"/>
  <testcase name="invocationCountTest" time="0.000" classname="testng.TestngInvocationCount"/>
  <testcase name="invocationCountTest" time="0.000" classname="testng.TestngInvocationCount"/>
  <testcase name="invocationCountTest" time="0.000" classname="testng.TestngInvocationCount"/>
  <testcase name="invocationCountTest" time="0.000" classname="testng.TestngInvocationCount"/>
  <testcase name="invocationCountTest" time="0.000" classname="testng.TestngInvocationCount"/>
  <testcase name="invocationCountTest" time="0.005" classname="testng.TestngInvocationCount"/>
  <testcase name="invocationCountTest" time="0.000" classname="testng.TestngInvocationCount"/>
  <testcase name="invocationCountTest" time="0.012" classname="testng.TestngInvocationCount"/>
  <testcase name="invocationCountTest" time="0.000" classname="testng.TestngInvocationCount"/>
  <testcase name="invocationCountTest" time="0.000" classname="testng.TestngInvocationCount"/>
  <testcase name="invocationCountTest" time="0.006" classname="testng.TestngInvocationCount"/>
  <testcase name="invocationCountTest" time="0.000" classname="testng.TestngInvocationCount"/>
  <testcase name="invocationCountTest" time="0.000" classname="testng.TestngInvocationCount"/>
  <testcase name="invocationCountTest" time="0.000" classname="testng.TestngInvocationCount"/>
  <testcase name="invocationCountTest" time="0.000" classname="testng.TestngInvocationCount"/>
  <testcase name="invocationCountTest" time="0.054" classname="testng.TestngInvocationCount"/>
  <testcase name="invocationCountTest" time="0.000" classname="testng.TestngInvocationCount"/>
  <testcase name="invocationCountTest" time="0.105" classname="testng.TestngInvocationCount"/>
  <testcase name="invocationCountTest" time="0.000" classname="testng.TestngInvocationCount"/>
  <testcase name="invocationCountTest" time="0.000" classname="testng.TestngInvocationCount"/>
  <testcase name="invocationCountTest" time="0.046" classname="testng.TestngInvocationCount"/>
  <testcase name="invocationCountTest" time="0.061" classname="testng.TestngInvocationCount"/>
  <testcase name="invocationCountTest" time="0.000" classname="testng.TestngInvocationCount"/>
  <testcase name="invocationCountTest" time="0.000" classname="testng.TestngInvocationCount"/>
  <testcase name="invocationCountTest" time="0.103" classname="testng.TestngInvocationCount"/>
  <testcase name="invocationCountTest" time="0.000" classname="testng.TestngInvocationCount"/>
  <testcase name="invocationCountTest" time="0.026" classname="testng.TestngInvocationCount"/>
  <testcase name="invocationCountTest" time="0.000" classname="testng.TestngInvocationCount"/>
  <testcase name="invocationCountTest" time="0.001" classname="testng.TestngInvocationCount"/>
  <testcase name="invocationCountTest" time="0.036" classname="testng.TestngInvocationCount"/>
  <testcase name="invocationCountTest" time="0.000" classname="testng.TestngInvocationCount"/>
  <testcase name="invocationCountTest" time="0.004" classname="testng.TestngInvocationCount"/>
  <testcase name="invocationCountTest" time="0.000" classname="testng.TestngInvocationCount"/>
  <testcase name="invocationCountTest" time="0.000" classname="testng.TestngInvocationCount"/>
  <testcase name="invocationCountTest" time="0.001" classname="testng.TestngInvocationCount"/>
  <testcase name="invocationCountTest" time="0.000" classname="testng.TestngInvocationCount"/>
  <testcase name="invocationCountTest" time="0.045" classname="testng.TestngInvocationCount"/>
  <testcase name="invocationCountTest" time="0.000" classname="testng.TestngInvocationCount"/>
  <testcase name="invocationCountTest" time="0.009" classname="testng.TestngInvocationCount"/>
  <testcase name="invocationCountTest" time="0.000" classname="testng.TestngInvocationCount"/>
  <testcase name="invocationCountTest" time="0.000" classname="testng.TestngInvocationCount"/>
  <testcase name="invocationCountTest" time="0.000" classname="testng.TestngInvocationCount"/>
  <testcase name="invocationCountTest" time="0.000" classname="testng.TestngInvocationCount"/>
  <testcase name="invocationCountTest" time="0.055" classname="testng.TestngInvocationCount"/>
  <testcase name="invocationCountTest" time="0.046" classname="testng.TestngInvocationCount"/>
  <testcase name="invocationCountTest" time="0.033" classname="testng.TestngInvocationCount"/>
  <testcase name="invocationCountTest" time="0.000" classname="testng.TestngInvocationCount"/>
  <testcase name="invocationCountTest" time="0.000" classname="testng.TestngInvocationCount"/>
  <testcase name="invocationCountTest" time="0.000" classname="testng.TestngInvocationCount"/>
  <testcase name="invocationCountTest" time="0.000" classname="testng.TestngInvocationCount"/>
  <testcase name="invocationCountTest" time="0.001" classname="testng.TestngInvocationCount"/>
  <testcase name="invocationCountTest" time="0.006" classname="testng.TestngInvocationCount"/>
  <testcase name="invocationCountTest" time="0.001" classname="testng.TestngInvocationCount"/>
  <testcase name="invocationCountTest" time="0.000" classname="testng.TestngInvocationCount"/>
  <testcase name="invocationCountTest" time="0.000" classname="testng.TestngInvocationCount"/>
  <testcase name="invocationCountTest" time="0.000" classname="testng.TestngInvocationCount"/>
  <testcase name="invocationCountTest" time="0.002" classname="testng.TestngInvocationCount"/>
  <testcase name="invocationCountTest" time="0.000" classname="testng.TestngInvocationCount"/>
  <testcase name="invocationCountTest" time="0.000" classname="testng.TestngInvocationCount"/>
  <testcase name="invocationCountTest" time="0.047" classname="testng.TestngInvocationCount"/>
  <testcase name="invocationCountTest" time="0.001" classname="testng.TestngInvocationCount"/>
  <testcase name="invocationCountTest" time="0.036" classname="testng.TestngInvocationCount"/>
  <testcase name="invocationCountTest" time="0.003" classname="testng.TestngInvocationCount"/>
  <testcase name="invocationCountTest" time="0.000" classname="testng.TestngInvocationCount"/>
  <testcase name="invocationCountTest" time="0.000" classname="testng.TestngInvocationCount"/>
  <testcase name="invocationCountTest" time="0.000" classname="testng.TestngInvocationCount"/>
  <testcase name="invocationCountTest" time="0.000" classname="testng.TestngInvocationCount"/>
  <testcase name="invocationCountTest" time="0.000" classname="testng.TestngInvocationCount"/>
  <testcase name="invocationCountTest" time="0.033" classname="testng.TestngInvocationCount"/>
  <testcase name="invocationCountTest" time="0.000" classname="testng.TestngInvocationCount"/>
  <testcase name="invocationCountTest" time="0.000" classname="testng.TestngInvocationCount"/>
  <testcase name="invocationCountTest" time="0.000" classname="testng.TestngInvocationCount"/>
  <testcase name="invocationCountTest" time="0.000" classname="testng.TestngInvocationCount"/>
  <testcase name="invocationCountTest" time="0.011" classname="testng.TestngInvocationCount"/>
  <testcase name="invocationCountTest" time="0.000" classname="testng.TestngInvocationCount"/>
  <testcase name="invocationCountTest" time="0.000" classname="testng.TestngInvocationCount"/>
  <testcase name="invocationCountTest" time="0.000" classname="testng.TestngInvocationCount"/>
  <testcase name="invocationCountTest" time="0.000" classname="testng.TestngInvocationCount"/>
  <testcase name="invocationCountTest" time="0.001" classname="testng.TestngInvocationCount"/>
  <testcase name="invocationCountTest" time="0.001" classname="testng.TestngInvocationCount"/>
  <testcase name="invocationCountTest" time="0.000" classname="testng.TestngInvocationCount"/>
  <testcase name="invocationCountTest" time="0.000" classname="testng.TestngInvocationCount"/>
  <testcase name="invocationCountTest" time="0.000" classname="testng.TestngInvocationCount"/>
  <testcase name="invocationCountTest" time="0.010" classname="testng.TestngInvocationCount"/>
  <testcase name="invocationCountTest" time="0.089" classname="testng.TestngInvocationCount"/>
  <testcase name="invocationCountTest" time="0.564" classname="testng.TestngInvocationCount"/>
  <testcase name="invocationCountTest" time="0.001" classname="testng.TestngInvocationCount"/>
  <testcase name="invocationCountTest" time="0.000" classname="testng.TestngInvocationCount"/>
  <testcase name="invocationCountTest" time="0.000" classname="testng.TestngInvocationCount"/>
  <testcase name="invocationCountTest" time="0.000" classname="testng.TestngInvocationCount"/>
  <testcase name="invocationCountTest" time="0.001" classname="testng.TestngInvocationCount"/>
  <testcase name="invocationCountTest" time="0.001" classname="testng.TestngInvocationCount"/>
  <testcase name="invocationCountTest" time="0.001" classname="testng.TestngInvocationCount"/>
  <testcase name="invocationCountTest" time="0.000" classname="testng.TestngInvocationCount"/>
  <testcase name="invocationCountTest" time="0.013" classname="testng.TestngInvocationCount"/>
  <testcase name="invocationCountTest" time="0.062" classname="testng.TestngInvocationCount"/>
  <testcase name="invocationCountTest" time="0.000" classname="testng.TestngInvocationCount"/>
  <testcase name="invocationCountTest" time="0.000" classname="testng.TestngInvocationCount"/>
  <testcase name="invocationCountTest" time="0.088" classname="testng.TestngInvocationCount"/>
  <testcase name="invocationCountTest" time="0.000" classname="testng.TestngInvocationCount"/>
  <testcase name="invocationCountTest" time="0.106" classname="testng.TestngInvocationCount"/>
  <testcase name="invocationCountTest" time="0.105" classname="testng.TestngInvocationCount"/>
  <testcase name="invocationCountTest" time="0.000" classname="testng.TestngInvocationCount"/>
  <testcase name="invocationCountTest" time="0.062" classname="testng.TestngInvocationCount"/>
  <testcase name="invocationCountTest" time="0.002" classname="testng.TestngInvocationCount"/>
  <testcase name="invocationCountTest" time="0.001" classname="testng.TestngInvocationCount"/>
  <testcase name="invocationCountTest" time="0.524" classname="testng.TestngInvocationCount"/>
  <testcase name="invocationCountTest" time="0.000" classname="testng.TestngInvocationCount"/>
  <testcase name="invocationCountTest" time="0.000" classname="testng.TestngInvocationCount"/>
  <testcase name="invocationCountTest" time="0.244" classname="testng.TestngInvocationCount"/>
  <testcase name="invocationCountTest" time="0.047" classname="testng.TestngInvocationCount"/>
  <testcase name="invocationCountTest" time="0.004" classname="testng.TestngInvocationCount"/>
  <testcase name="invocationCountTest" time="0.000" classname="testng.TestngInvocationCount"/>
  <testcase name="invocationCountTest" time="0.000" classname="testng.TestngInvocationCount"/>
  <testcase name="invocationCountTest" time="0.000" classname="testng.TestngInvocationCount"/>
  <testcase name="invocationCountTest" time="0.000" classname="testng.TestngInvocationCount"/>
  <testcase name="invocationCountTest" time="0.000" classname="testng.TestngInvocationCount"/>
  <testcase name="invocationCountTest" time="0.000" classname="testng.TestngInvocationCount"/>
  <testcase name="invocationCountTest" time="0.027" classname="testng.TestngInvocationCount"/>
  <testcase name="invocationCountTest" time="0.000" classname="testng.TestngInvocationCount"/>
  <testcase name="invocationCountTest" time="0.000" classname="testng.TestngInvocationCount"/>
  <testcase name="invocationCountTest" time="0.016" classname="testng.TestngInvocationCount"/>
  <testcase name="invocationCountTest" time="0.000" classname="testng.TestngInvocationCount"/>
  <testcase name="invocationCountTest" time="0.003" classname="testng.TestngInvocationCount"/>
  <testcase name="invocationCountTest" time="0.005" classname="testng.TestngInvocationCount"/>
  <testcase name="invocationCountTest" time="0.010" classname="testng.TestngInvocationCount"/>
  <testcase name="invocationCountTest" time="0.000" classname="testng.TestngInvocationCount"/>
  <testcase name="invocationCountTest" time="0.000" classname="testng.TestngInvocationCount"/>
  <testcase name="invocationCountTest" time="0.000" classname="testng.TestngInvocationCount"/>
  <testcase name="invocationCountTest" time="0.002" classname="testng.TestngInvocationCount"/>
  <testcase name="invocationCountTest" time="0.106" classname="testng.TestngInvocationCount"/>
  <testcase name="invocationCountTest" time="0.000" classname="testng.TestngInvocationCount"/>
  <testcase name="invocationCountTest" time="0.089" classname="testng.TestngInvocationCount"/>
  <testcase name="invocationCountTest" time="0.052" classname="testng.TestngInvocationCount"/>
  <testcase name="invocationCountTest" time="0.000" classname="testng.TestngInvocationCount"/>
  <testcase name="invocationCountTest" time="0.005" classname="testng.TestngInvocationCount"/>
  <testcase name="invocationCountTest" time="0.000" classname="testng.TestngInvocationCount"/>
  <testcase name="invocationCountTest" time="0.001" classname="testng.TestngInvocationCount"/>
  <testcase name="invocationCountTest" time="0.001" classname="testng.TestngInvocationCount"/>
  <testcase name="invocationCountTest" time="0.036" classname="testng.TestngInvocationCount"/>
  <testcase name="invocationCountTest" time="0.016" classname="testng.TestngInvocationCount"/>
  <testcase name="invocationCountTest" time="0.000" classname="testng.TestngInvocationCount"/>
  <testcase name="invocationCountTest" time="0.000" classname="testng.TestngInvocationCount"/>
  <testcase name="invocationCountTest" time="0.000" classname="testng.TestngInvocationCount"/>
  <testcase name="invocationCountTest" time="0.002" classname="testng.TestngInvocationCount"/>
  <testcase name="invocationCountTest" time="0.016" classname="testng.TestngInvocationCount"/>
  <testcase name="invocationCountTest" time="0.002" classname="testng.TestngInvocationCount"/>
  <testcase name="invocationCountTest" time="0.000" classname="testng.TestngInvocationCount"/>
  <testcase name="invocationCountTest" time="0.000" classname="testng.TestngInvocationCount"/>
  <testcase name="invocationCountTest" time="0.070" classname="testng.TestngInvocationCount"/>
  <testcase name="invocationCountTest" time="0.002" classname="testng.TestngInvocationCount"/>
  <testcase name="invocationCountTest" time="0.665" classname="testng.TestngInvocationCount"/>
  <testcase name="invocationCountTest" time="0.000" classname="testng.TestngInvocationCount"/>
  <testcase name="invocationCountTest" time="0.000" classname="testng.TestngInvocationCount"/>
  <testcase name="invocationCountTest" time="0.063" classname="testng.TestngInvocationCount"/>
  <testcase name="invocationCountTest" time="0.000" classname="testng.TestngInvocationCount"/>
  <testcase name="invocationCountTest" time="0.000" classname="testng.TestngInvocationCount"/>
  <testcase name="invocationCountTest" time="0.000" classname="testng.TestngInvocationCount"/>
  <testcase name="invocationCountTest" time="0.000" classname="testng.TestngInvocationCount"/>
  <testcase name="invocationCountTest" time="0.000" classname="testng.TestngInvocationCount"/>
  <testcase name="invocationCountTest" time="0.000" classname="testng.TestngInvocationCount"/>
  <testcase name="invocationCountTest" time="0.000" classname="testng.TestngInvocationCount"/>
  <testcase name="invocationCountTest" time="0.000" classname="testng.TestngInvocationCount"/>
  <testcase name="invocationCountTest" time="0.001" classname="testng.TestngInvocationCount"/>
  <testcase name="invocationCountTest" time="0.009" classname="testng.TestngInvocationCount"/>
  <testcase name="invocationCountTest" time="0.000" classname="testng.TestngInvocationCount"/>
  <testcase name="invocationCountTest" time="0.000" classname="testng.TestngInvocationCount"/>
  <testcase name="invocationCountTest" time="0.000" classname="testng.TestngInvocationCount"/>
  <testcase name="invocationCountTest" time="0.040" classname="testng.TestngInvocationCount"/>
  <testcase name="invocationCountTest" time="0.000" classname="testng.TestngInvocationCount"/>
  <testcase name="invocationCountTest" time="0.000" classname="testng.TestngInvocationCount"/>
  <testcase name="invocationCountTest" time="0.000" classname="testng.TestngInvocationCount"/>
  <testcase name="invocationCountTest" time="0.000" classname="testng.TestngInvocationCount"/>
  <testcase name="invocationCountTest" time="0.062" classname="testng.TestngInvocationCount"/>
  <testcase name="invocationCountTest" time="0.000" classname="testng.TestngInvocationCount"/>
  <testcase name="invocationCountTest" time="0.000" classname="testng.TestngInvocationCount"/>
  <testcase name="invocationCountTest" time="0.035" classname="testng.TestngInvocationCount"/>
  <testcase name="invocationCountTest" time="0.000" classname="testng.TestngInvocationCount"/>
  <testcase name="invocationCountTest" time="0.106" classname="testng.TestngInvocationCount"/>
  <testcase name="invocationCountTest" time="0.034" classname="testng.TestngInvocationCount"/>
  <testcase name="invocationCountTest" time="0.000" classname="testng.TestngInvocationCount"/>
  <testcase name="invocationCountTest" time="0.001" classname="testng.TestngInvocationCount"/>
  <testcase name="invocationCountTest" time="0.017" classname="testng.TestngInvocationCount"/>
  <testcase name="invocationCountTest" time="0.002" classname="testng.TestngInvocationCount"/>
  <testcase name="invocationCountTest" time="0.000" classname="testng.TestngInvocationCount"/>
  <testcase name="invocationCountTest" time="0.000" classname="testng.TestngInvocationCount"/>
  <testcase name="invocationCountTest" time="0.000" classname="testng.TestngInvocationCount"/>
  <testcase name="invocationCountTest" time="0.000" classname="testng.TestngInvocationCount"/>
  <testcase name="invocationCountTest" time="0.000" classname="testng.TestngInvocationCount"/>
  <testcase name="invocationCountTest" time="0.038" classname="testng.TestngInvocationCount"/>
  <testcase name="invocationCountTest" time="0.225" classname="testng.TestngInvocationCount"/>
  <testcase name="invocationCountTest" time="0.000" classname="testng.TestngInvocationCount"/>
  <testcase name="invocationCountTest" time="0.001" classname="testng.TestngInvocationCount"/>
  <testcase name="invocationCountTest" time="0.004" classname="testng.TestngInvocationCount"/>
  <testcase name="invocationCountTest" time="0.000" classname="testng.TestngInvocationCount"/>
  <testcase name="invocationCountTest" time="0.000" classname="testng.TestngInvocationCount"/>
  <testcase name="invocationCountTest" time="0.001" classname="testng.TestngInvocationCount"/>
  <testcase name="invocationCountTest" time="0.009" classname="testng.TestngInvocationCount"/>
  <testcase name="invocationCountTest" time="0.000" classname="testng.TestngInvocationCount"/>
  <testcase name="invocationCountTest" time="0.000" classname="testng.TestngInvocationCount"/>
  <testcase name="invocationCountTest" time="0.004" classname="testng.TestngInvocationCount"/>
  <testcase name="invocationCountTest" time="0.000" classname="testng.TestngInvocationCount"/>
  <testcase name="invocationCountTest" time="0.032" classname="testng.TestngInvocationCount"/>
  <testcase name="invocationCountTest" time="0.185" classname="testng.TestngInvocationCount"/>
  <testcase name="invocationCountTest" time="0.000" classname="testng.TestngInvocationCount"/>
  <testcase name="invocationCountTest" time="0.372" classname="testng.TestngInvocationCount"/>
  <testcase name="invocationCountTest" time="0.000" classname="testng.TestngInvocationCount"/>
  <testcase name="invocationCountTest" time="0.035" classname="testng.TestngInvocationCount"/>
  <testcase name="invocationCountTest" time="0.000" classname="testng.TestngInvocationCount"/>
  <testcase name="invocationCountTest" time="0.000" classname="testng.TestngInvocationCount"/>
  <testcase name="invocationCountTest" time="0.000" classname="testng.TestngInvocationCount"/>
  <testcase name="invocationCountTest" time="0.000" classname="testng.TestngInvocationCount"/>
  <testcase name="invocationCountTest" time="0.000" classname="testng.TestngInvocationCount"/>
  <testcase name="invocationCountTest" time="0.002" classname="testng.TestngInvocationCount"/>
  <testcase name="invocationCountTest" time="0.006" classname="testng.TestngInvocationCount"/>
  <testcase name="invocationCountTest" time="0.000" classname="testng.TestngInvocationCount"/>
  <testcase name="invocationCountTest" time="0.000" classname="testng.TestngInvocationCount"/>
  <testcase name="invocationCountTest" time="0.049" classname="testng.TestngInvocationCount"/>
  <testcase name="invocationCountTest" time="0.001" classname="testng.TestngInvocationCount"/>
  <testcase name="invocationCountTest" time="0.000" classname="testng.TestngInvocationCount"/>
  <testcase name="invocationCountTest" time="0.045" classname="testng.TestngInvocationCount"/>
  <testcase name="invocationCountTest" time="0.000" classname="testng.TestngInvocationCount"/>
  <testcase name="invocationCountTest" time="0.000" classname="testng.TestngInvocationCount"/>
  <testcase name="invocationCountTest" time="0.000" classname="testng.TestngInvocationCount"/>
  <testcase name="invocationCountTest" time="0.000" classname="testng.TestngInvocationCount"/>
  <testcase name="invocationCountTest" time="0.000" classname="testng.TestngInvocationCount"/>
  <testcase name="invocationCountTest" time="0.000" classname="testng.TestngInvocationCount"/>
  <testcase name="invocationCountTest" time="0.000" classname="testng.TestngInvocationCount"/>
  <testcase name="invocationCountTest" time="0.000" classname="testng.TestngInvocationCount"/>
  <testcase name="invocationCountTest" time="0.000" classname="testng.TestngInvocationCount"/>
  <testcase name="invocationCountTest" time="0.002" classname="testng.TestngInvocationCount"/>
  <testcase name="invocationCountTest" time="0.005" classname="testng.TestngInvocationCount"/>
  <testcase name="invocationCountTest" time="0.032" classname="testng.TestngInvocationCount"/>
  <testcase name="invocationCountTest" time="0.000" classname="testng.TestngInvocationCount"/>
  <testcase name="invocationCountTest" time="0.000" classname="testng.TestngInvocationCount"/>
  <testcase name="invocationCountTest" time="0.000" classname="testng.TestngInvocationCount"/>
  <testcase name="invocationCountTest" time="0.105" classname="testng.TestngInvocationCount"/>
  <testcase name="invocationCountTest" time="0.004" classname="testng.TestngInvocationCount"/>
  <testcase name="invocationCountTest" time="0.001" classname="testng.TestngInvocationCount"/>
  <testcase name="invocationCountTest" time="0.052" classname="testng.TestngInvocationCount"/>
  <testcase name="invocationCountTest" time="0.000" classname="testng.TestngInvocationCount"/>
  <testcase name="invocationCountTest" time="0.000" classname="testng.TestngInvocationCount"/>
  <testcase name="invocationCountTest" time="0.004" classname="testng.TestngInvocationCount"/>
  <testcase name="invocationCountTest" time="0.059" classname="testng.TestngInvocationCount"/>
  <testcase name="invocationCountTest" time="0.106" classname="testng.TestngInvocationCount"/>
  <testcase name="invocationCountTest" time="0.000" classname="testng.TestngInvocationCount"/>
  <testcase name="invocationCountTest" time="0.001" classname="testng.TestngInvocationCount"/>
  <testcase name="invocationCountTest" time="0.000" classname="testng.TestngInvocationCount"/>
  <testcase name="invocationCountTest" time="0.000" classname="testng.TestngInvocationCount"/>
  <testcase name="invocationCountTest" time="0.000" classname="testng.TestngInvocationCount"/>
  <testcase name="invocationCountTest" time="0.000" classname="testng.TestngInvocationCount"/>
  <testcase name="invocationCountTest" time="0.001" classname="testng.TestngInvocationCount"/>
  <testcase name="invocationCountTest" time="0.001" classname="testng.TestngInvocationCount"/>
  <testcase name="invocationCountTest" time="0.063" classname="testng.TestngInvocationCount"/>
  <testcase name="invocationCountTest" time="0.000" classname="testng.TestngInvocationCount"/>
  <testcase name="invocationCountTest" time="0.000" classname="testng.TestngInvocationCount"/>
  <testcase name="invocationCountTest" time="0.000" classname="testng.TestngInvocationCount"/>
  <testcase name="invocationCountTest" time="0.106" classname="testng.TestngInvocationCount"/>
  <testcase name="invocationCountTest" time="0.000" classname="testng.TestngInvocationCount"/>
  <testcase name="invocationCountTest" time="0.000" classname="testng.TestngInvocationCount"/>
  <testcase name="invocationCountTest" time="0.027" classname="testng.TestngInvocationCount"/>
  <testcase name="invocationCountTest" time="0.000" classname="testng.TestngInvocationCount"/>
  <testcase name="invocationCountTest" time="0.012" classname="testng.TestngInvocationCount"/>
  <testcase name="invocationCountTest" time="0.106" classname="testng.TestngInvocationCount"/>
  <testcase name="invocationCountTest" time="0.000" classname="testng.TestngInvocationCount"/>
  <testcase name="invocationCountTest" time="0.037" classname="testng.TestngInvocationCount"/>
  <testcase name="invocationCountTest" time="0.000" classname="testng.TestngInvocationCount"/>
  <testcase name="invocationCountTest" time="0.001" classname="testng.TestngInvocationCount"/>
  <testcase name="invocationCountTest" time="0.000" classname="testng.TestngInvocationCount"/>
  <testcase name="invocationCountTest" time="0.000" classname="testng.TestngInvocationCount"/>
  <testcase name="invocationCountTest" time="0.000" classname="testng.TestngInvocationCount"/>
  <testcase name="invocationCountTest" time="0.000" classname="testng.TestngInvocationCount"/>
  <testcase name="invocationCountTest" time="0.000" classname="testng.TestngInvocationCount"/>
  <testcase name="invocationCountTest" time="0.028" classname="testng.TestngInvocationCount"/>
  <testcase name="invocationCountTest" time="0.001" classname="testng.TestngInvocationCount"/>
  <testcase name="invocationCountTest" time="0.000" classname="testng.TestngInvocationCount"/>
  <testcase name="invocationCountTest" time="0.000" classname="testng.TestngInvocationCount"/>
  <testcase name="invocationCountTest" time="0.000" classname="testng.TestngInvocationCount"/>
  <testcase name="invocationCountTest" time="0.000" classname="testng.TestngInvocationCount"/>
  <testcase name="invocationCountTest" time="0.088" classname="testng.TestngInvocationCount"/>
  <testcase name="invocationCountTest" time="0.000" classname="testng.TestngInvocationCount"/>
  <testcase name="invocationCountTest" time="0.000" classname="testng.TestngInvocationCount"/>
  <testcase name="invocationCountTest" time="0.008" classname="testng.TestngInvocationCount"/>
  <testcase name="invocationCountTest" time="0.000" classname="testng.TestngInvocationCount"/>
  <testcase name="invocationCountTest" time="0.001" classname="testng.TestngInvocationCount"/>
  <testcase name="invocationCountTest" time="0.000" classname="testng.TestngInvocationCount"/>
  <testcase name="invocationCountTest" time="0.000" classname="testng.TestngInvocationCount"/>
  <testcase name="invocationCountTest" time="0.000" classname="testng.TestngInvocationCount"/>
  <testcase name="invocationCountTest" time="0.000" classname="testng.TestngInvocationCount"/>
  <testcase name="invocationCountTest" time="0.000" classname="testng.TestngInvocationCount"/>
  <testcase name="invocationCountTest" time="0.000" classname="testng.TestngInvocationCount"/>
  <testcase name="invocationCountTest" time="0.000" classname="testng.TestngInvocationCount"/>
  <testcase name="invocationCountTest" time="0.000" classname="testng.TestngInvocationCount"/>
  <testcase name="invocationCountTest" time="0.000" classname="testng.TestngInvocationCount"/>
  <testcase name="invocationCountTest" time="0.000" classname="testng.TestngInvocationCount"/>
  <testcase name="invocationCountTest" time="0.000" classname="testng.TestngInvocationCount"/>
  <testcase name="invocationCountTest" time="0.046" classname="testng.TestngInvocationCount"/>
  <testcase name="invocationCountTest" time="0.000" classname="testng.TestngInvocationCount"/>
  <testcase name="invocationCountTest" time="0.000" classname="testng.TestngInvocationCount"/>
  <testcase name="invocationCountTest" time="0.039" classname="testng.TestngInvocationCount"/>
  <testcase name="invocationCountTest" time="0.000" classname="testng.TestngInvocationCount"/>
  <testcase name="invocationCountTest" time="0.000" classname="testng.TestngInvocationCount"/>
  <testcase name="invocationCountTest" time="0.000" classname="testng.TestngInvocationCount"/>
  <testcase name="invocationCountTest" time="0.003" classname="testng.TestngInvocationCount"/>
  <testcase name="invocationCountTest" time="0.000" classname="testng.TestngInvocationCount"/>
  <testcase name="invocationCountTest" time="0.000" classname="testng.TestngInvocationCount"/>
  <testcase name="invocationCountTest" time="0.043" classname="testng.TestngInvocationCount"/>
  <testcase name="invocationCountTest" time="0.000" classname="testng.TestngInvocationCount"/>
  <testcase name="invocationCountTest" time="0.089" classname="testng.TestngInvocationCount"/>
  <testcase name="invocationCountTest" time="0.000" classname="testng.TestngInvocationCount"/>
  <testcase name="invocationCountTest" time="0.018" classname="testng.TestngInvocationCount"/>
  <testcase name="invocationCountTest" time="0.003" classname="testng.TestngInvocationCount"/>
  <testcase name="invocationCountTest" time="0.000" classname="testng.TestngInvocationCount"/>
  <testcase name="invocationCountTest" time="0.000" classname="testng.TestngInvocationCount"/>
  <testcase name="invocationCountTest" time="0.000" classname="testng.TestngInvocationCount"/>
  <testcase name="invocationCountTest" time="0.000" classname="testng.TestngInvocationCount"/>
  <testcase name="invocationCountTest" time="0.000" classname="testng.TestngInvocationCount"/>
  <testcase name="invocationCountTest" time="0.000" classname="testng.TestngInvocationCount"/>
  <testcase name="invocationCountTest" time="0.065" classname="testng.TestngInvocationCount"/>
  <testcase name="invocationCountTest" time="0.001" classname="testng.TestngInvocationCount"/>
  <testcase name="invocationCountTest" time="0.001" classname="testng.TestngInvocationCount"/>
  <testcase name="invocationCountTest" time="0.004" classname="testng.TestngInvocationCount"/>
  <testcase name="invocationCountTest" time="0.000" classname="testng.TestngInvocationCount"/>
  <testcase name="invocationCountTest" time="0.000" classname="testng.TestngInvocationCount"/>
  <testcase name="invocationCountTest" time="0.000" classname="testng.TestngInvocationCount"/>
  <testcase name="invocationCountTest" time="0.000" classname="testng.TestngInvocationCount"/>
  <testcase name="invocationCountTest" time="0.001" classname="testng.TestngInvocationCount"/>
  <testcase name="invocationCountTest" time="0.000" classname="testng.TestngInvocationCount"/>
  <testcase name="invocationCountTest" time="0.004" classname="testng.TestngInvocationCount"/>
  <testcase name="invocationCountTest" time="0.026" classname="testng.TestngInvocationCount"/>
  <testcase name="invocationCountTest" time="0.000" classname="testng.TestngInvocationCount"/>
  <testcase name="invocationCountTest" time="0.000" classname="testng.TestngInvocationCount"/>
  <testcase name="invocationCountTest" time="0.000" classname="testng.TestngInvocationCount"/>
  <testcase name="invocationCountTest" time="0.000" classname="testng.TestngInvocationCount"/>
  <testcase name="invocationCountTest" time="0.000" classname="testng.TestngInvocationCount"/>
  <testcase name="invocationCountTest" time="0.000" classname="testng.TestngInvocationCount"/>
  <testcase name="invocationCountTest" time="0.030" classname="testng.TestngInvocationCount"/>
  <testcase name="invocationCountTest" time="0.002" classname="testng.TestngInvocationCount"/>
  <testcase name="invocationCountTest" time="0.000" classname="testng.TestngInvocationCount"/>
  <testcase name="invocationCountTest" time="0.014" classname="testng.TestngInvocationCount"/>
  <testcase name="invocationCountTest" time="0.000" classname="testng.TestngInvocationCount"/>
  <testcase name="invocationCountTest" time="0.000" classname="testng.TestngInvocationCount"/>
  <testcase name="invocationCountTest" time="0.001" classname="testng.TestngInvocationCount"/>
  <testcase name="invocationCountTest" time="0.000" classname="testng.TestngInvocationCount"/>
  <testcase name="invocationCountTest" time="0.000" classname="testng.TestngInvocationCount"/>
  <testcase name="invocationCountTest" time="0.176" classname="testng.TestngInvocationCount"/>
  <testcase name="invocationCountTest" time="0.000" classname="testng.TestngInvocationCount"/>
  <testcase name="invocationCountTest" time="0.044" classname="testng.TestngInvocationCount"/>
  <testcase name="invocationCountTest" time="0.000" classname="testng.TestngInvocationCount"/>
  <testcase name="invocationCountTest" time="0.002" classname="testng.TestngInvocationCount"/>
  <testcase name="invocationCountTest" time="0.000" classname="testng.TestngInvocationCount"/>
  <testcase name="invocationCountTest" time="0.000" classname="testng.TestngInvocationCount"/>
  <testcase name="invocationCountTest" time="0.040" classname="testng.TestngInvocationCount"/>
  <testcase name="invocationCountTest" time="0.000" classname="testng.TestngInvocationCount"/>
  <testcase name="invocationCountTest" time="0.000" classname="testng.TestngInvocationCount"/>
  <testcase name="invocationCountTest" time="0.028" classname="testng.TestngInvocationCount"/>
  <testcase name="invocationCountTest" time="0.000" classname="testng.TestngInvocationCount"/>
  <testcase name="invocationCountTest" time="0.005" classname="testng.TestngInvocationCount"/>
  <testcase name="invocationCountTest" time="0.001" classname="testng.TestngInvocationCount"/>
  <testcase name="invocationCountTest" time="0.001" classname="testng.TestngInvocationCount"/>
  <testcase name="invocationCountTest" time="0.003" classname="testng.TestngInvocationCount"/>
  <testcase name="invocationCountTest" time="0.000" classname="testng.TestngInvocationCount"/>
  <testcase name="invocationCountTest" time="0.050" classname="testng.TestngInvocationCount"/>
  <testcase name="invocationCountTest" time="0.001" classname="testng.TestngInvocationCount"/>
  <testcase name="invocationCountTest" time="0.000" classname="testng.TestngInvocationCount"/>
  <testcase name="invocationCountTest" time="0.000" classname="testng.TestngInvocationCount"/>
  <testcase name="invocationCountTest" time="0.019" classname="testng.TestngInvocationCount"/>
  <testcase name="invocationCountTest" time="0.043" classname="testng.TestngInvocationCount"/>
  <testcase name="invocationCountTest" time="0.000" classname="testng.TestngInvocationCount"/>
  <testcase name="invocationCountTest" time="0.000" classname="testng.TestngInvocationCount"/>
  <testcase name="invocationCountTest" time="0.028" classname="testng.TestngInvocationCount"/>
  <testcase name="invocationCountTest" time="0.000" classname="testng.TestngInvocationCount"/>
  <testcase name="invocationCountTest" time="0.022" classname="testng.TestngInvocationCount"/>
  <testcase name="invocationCountTest" time="0.000" classname="testng.TestngInvocationCount"/>
  <testcase name="invocationCountTest" time="0.000" classname="testng.TestngInvocationCount"/>
  <testcase name="invocationCountTest" time="0.000" classname="testng.TestngInvocationCount"/>
  <testcase name="invocationCountTest" time="0.000" classname="testng.TestngInvocationCount"/>
  <testcase name="invocationCountTest" time="0.000" classname="testng.TestngInvocationCount"/>
  <testcase name="invocationCountTest" time="0.000" classname="testng.TestngInvocationCount"/>
  <testcase name="invocationCountTest" time="0.000" classname="testng.TestngInvocationCount"/>
  <testcase name="invocationCountTest" time="0.002" classname="testng.TestngInvocationCount"/>
  <testcase name="invocationCountTest" time="0.000" classname="testng.TestngInvocationCount"/>
  <testcase name="invocationCountTest" time="0.000" classname="testng.TestngInvocationCount"/>
  <testcase name="invocationCountTest" time="0.001" classname="testng.TestngInvocationCount"/>
  <testcase name="invocationCountTest" time="0.000" classname="testng.TestngInvocationCount"/>
  <testcase name="invocationCountTest" time="0.000" classname="testng.TestngInvocationCount"/>
  <testcase name="invocationCountTest" time="0.000" classname="testng.TestngInvocationCount"/>
  <testcase name="invocationCountTest" time="0.038" classname="testng.TestngInvocationCount"/>
  <testcase name="invocationCountTest" time="0.000" classname="testng.TestngInvocationCount"/>
  <testcase name="invocationCountTest" time="0.000" classname="testng.TestngInvocationCount"/>
  <testcase name="invocationCountTest" time="0.000" classname="testng.TestngInvocationCount"/>
  <testcase name="invocationCountTest" time="0.000" classname="testng.TestngInvocationCount"/>
  <testcase name="invocationCountTest" time="0.000" classname="testng.TestngInvocationCount"/>
  <testcase name="invocationCountTest" time="0.515" classname="testng.TestngInvocationCount"/>
  <testcase name="invocationCountTest" time="0.046" classname="testng.TestngInvocationCount"/>
  <testcase name="invocationCountTest" time="0.000" classname="testng.TestngInvocationCount"/>
  <testcase name="invocationCountTest" time="0.000" classname="testng.TestngInvocationCount"/>
  <testcase name="invocationCountTest" time="0.001" classname="testng.TestngInvocationCount"/>
  <testcase name="invocationCountTest" time="0.000" classname="testng.TestngInvocationCount"/>
  <testcase name="invocationCountTest" time="0.000" classname="testng.TestngInvocationCount"/>
  <testcase name="invocationCountTest" time="0.042" classname="testng.TestngInvocationCount"/>
  <testcase name="invocationCountTest" time="0.001" classname="testng.TestngInvocationCount"/>
  <testcase name="invocationCountTest" time="0.004" classname="testng.TestngInvocationCount"/>
  <testcase name="invocationCountTest" time="0.000" classname="testng.TestngInvocationCount"/>
  <testcase name="invocationCountTest" time="0.000" classname="testng.TestngInvocationCount"/>
  <testcase name="invocationCountTest" time="0.027" classname="testng.TestngInvocationCount"/>
  <testcase name="invocationCountTest" time="0.001" classname="testng.TestngInvocationCount"/>
  <testcase name="invocationCountTest" time="0.001" classname="testng.TestngInvocationCount"/>
  <testcase name="invocationCountTest" time="0.176" classname="testng.TestngInvocationCount"/>
  <testcase name="invocationCountTest" time="0.001" classname="testng.TestngInvocationCount"/>
  <testcase name="invocationCountTest" time="0.001" classname="testng.TestngInvocationCount"/>
  <testcase name="invocationCountTest" time="0.000" classname="testng.TestngInvocationCount"/>
  <testcase name="invocationCountTest" time="0.000" classname="testng.TestngInvocationCount"/>
  <testcase name="invocationCountTest" time="0.000" classname="testng.TestngInvocationCount"/>
  <testcase name="invocationCountTest" time="0.000" classname="testng.TestngInvocationCount"/>
  <testcase name="invocationCountTest" time="0.000" classname="testng.TestngInvocationCount"/>
  <testcase name="invocationCountTest" time="0.000" classname="testng.TestngInvocationCount"/>
  <testcase name="invocationCountTest" time="0.010" classname="testng.TestngInvocationCount"/>
  <testcase name="invocationCountTest" time="0.000" classname="testng.TestngInvocationCount"/>
  <testcase name="invocationCountTest" time="0.000" classname="testng.TestngInvocationCount"/>
  <testcase name="invocationCountTest" time="0.012" classname="testng.TestngInvocationCount"/>
  <testcase name="invocationCountTest" time="0.000" classname="testng.TestngInvocationCount"/>
  <testcase name="invocationCountTest" time="0.000" classname="testng.TestngInvocationCount"/>
  <testcase name="invocationCountTest" time="0.488" classname="testng.TestngInvocationCount"/>
  <testcase name="invocationCountTest" time="0.000" classname="testng.TestngInvocationCount"/>
  <testcase name="invocationCountTest" time="0.000" classname="testng.TestngInvocationCount"/>
  <testcase name="invocationCountTest" time="0.000" classname="testng.TestngInvocationCount"/>
  <testcase name="invocationCountTest" time="0.000" classname="testng.TestngInvocationCount"/>
  <testcase name="invocationCountTest" time="0.000" classname="testng.TestngInvocationCount"/>
  <testcase name="invocationCountTest" time="0.000" classname="testng.TestngInvocationCount"/>
  <testcase name="invocationCountTest" time="0.000" classname="testng.TestngInvocationCount"/>
  <testcase name="invocationCountTest" time="0.000" classname="testng.TestngInvocationCount"/>
  <testcase name="invocationCountTest" time="0.000" classname="testng.TestngInvocationCount"/>
  <testcase name="invocationCountTest" time="0.003" classname="testng.TestngInvocationCount"/>
  <testcase name="invocationCountTest" time="0.008" classname="testng.TestngInvocationCount"/>
  <testcase name="invocationCountTest" time="0.106" classname="testng.TestngInvocationCount"/>
  <testcase name="invocationCountTest" time="0.000" classname="testng.TestngInvocationCount"/>
  <testcase name="invocationCountTest" time="0.000" classname="testng.TestngInvocationCount"/>
  <testcase name="invocationCountTest" time="0.000" classname="testng.TestngInvocationCount"/>
  <testcase name="invocationCountTest" time="0.001" classname="testng.TestngInvocationCount"/>
  <testcase name="invocationCountTest" time="0.025" classname="testng.TestngInvocationCount"/>
  <testcase name="invocationCountTest" time="0.000" classname="testng.TestngInvocationCount"/>
  <testcase name="invocationCountTest" time="0.089" classname="testng.TestngInvocationCount"/>
  <testcase name="invocationCountTest" time="0.000" classname="testng.TestngInvocationCount"/>
  <testcase name="invocationCountTest" time="0.000" classname="testng.TestngInvocationCount"/>
  <testcase name="invocationCountTest" time="0.004" classname="testng.TestngInvocationCount"/>
  <testcase name="invocationCountTest" time="0.040" classname="testng.TestngInvocationCount"/>
  <testcase name="invocationCountTest" time="0.001" classname="testng.TestngInvocationCount"/>
  <testcase name="invocationCountTest" time="0.001" classname="testng.TestngInvocationCount"/>
  <testcase name="invocationCountTest" time="0.001" classname="testng.TestngInvocationCount"/>
  <testcase name="invocationCountTest" time="0.000" classname="testng.TestngInvocationCount"/>
  <testcase name="invocationCountTest" time="0.105" classname="testng.TestngInvocationCount"/>
  <testcase name="invocationCountTest" time="0.004" classname="testng.TestngInvocationCount"/>
  <testcase name="invocationCountTest" time="0.000" classname="testng.TestngInvocationCount"/>
  <testcase name="invocationCountTest" time="0.001" classname="testng.TestngInvocationCount"/>
  <testcase name="invocationCountTest" time="0.000" classname="testng.TestngInvocationCount"/>
  <testcase name="invocationCountTest" time="0.000" classname="testng.TestngInvocationCount"/>
  <testcase name="invocationCountTest" time="0.000" classname="testng.TestngInvocationCount"/>
  <testcase name="invocationCountTest" time="0.001" classname="testng.TestngInvocationCount"/>
  <testcase name="invocationCountTest" time="0.001" classname="testng.TestngInvocationCount"/>
  <testcase name="invocationCountTest" time="0.000" classname="testng.TestngInvocationCount"/>
  <testcase name="invocationCountTest" time="0.000" classname="testng.TestngInvocationCount"/>
  <testcase name="invocationCountTest" time="0.000" classname="testng.TestngInvocationCount"/>
  <testcase name="invocationCountTest" time="0.089" classname="testng.TestngInvocationCount"/>
  <testcase name="invocationCountTest" time="0.047" classname="testng.TestngInvocationCount"/>
  <testcase name="invocationCountTest" time="0.000" classname="testng.TestngInvocationCount"/>
  <testcase name="invocationCountTest" time="0.001" classname="testng.TestngInvocationCount"/>
  <testcase name="invocationCountTest" time="0.047" classname="testng.TestngInvocationCount"/>
  <testcase name="invocationCountTest" time="0.000" classname="testng.TestngInvocationCount"/>
  <testcase name="invocationCountTest" time="0.050" classname="testng.TestngInvocationCount"/>
  <testcase name="invocationCountTest" time="0.013" classname="testng.TestngInvocationCount"/>
  <testcase name="invocationCountTest" time="0.000" classname="testng.TestngInvocationCount"/>
  <testcase name="invocationCountTest" time="0.003" classname="testng.TestngInvocationCount"/>
  <testcase name="invocationCountTest" time="0.001" classname="testng.TestngInvocationCount"/>
  <testcase name="invocationCountTest" time="0.038" classname="testng.TestngInvocationCount"/>
  <testcase name="invocationCountTest" time="0.001" classname="testng.TestngInvocationCount"/>
  <testcase name="invocationCountTest" time="0.018" classname="testng.TestngInvocationCount"/>
  <testcase name="invocationCountTest" time="0.009" classname="testng.TestngInvocationCount"/>
  <testcase name="invocationCountTest" time="0.000" classname="testng.TestngInvocationCount"/>
  <testcase name="invocationCountTest" time="0.000" classname="testng.TestngInvocationCount"/>
  <testcase name="invocationCountTest" time="0.000" classname="testng.TestngInvocationCount"/>
  <testcase name="invocationCountTest" time="0.105" classname="testng.TestngInvocationCount"/>
  <testcase name="invocationCountTest" time="0.000" classname="testng.TestngInvocationCount"/>
  <testcase name="invocationCountTest" time="0.049" classname="testng.TestngInvocationCount"/>
  <testcase name="invocationCountTest" time="0.000" classname="testng.TestngInvocationCount"/>
  <testcase name="invocationCountTest" time="0.043" classname="testng.TestngInvocationCount"/>
  <testcase name="invocationCountTest" time="0.000" classname="testng.TestngInvocationCount"/>
  <testcase name="invocationCountTest" time="0.000" classname="testng.TestngInvocationCount"/>
  <testcase name="invocationCountTest" time="0.015" classname="testng.TestngInvocationCount"/>
  <testcase name="invocationCountTest" time="0.105" classname="testng.TestngInvocationCount"/>
  <testcase name="invocationCountTest" time="0.001" classname="testng.TestngInvocationCount"/>
  <testcase name="invocationCountTest" time="0.000" classname="testng.TestngInvocationCount"/>
  <testcase name="invocationCountTest" time="0.000" classname="testng.TestngInvocationCount"/>
  <testcase name="invocationCountTest" time="0.005" classname="testng.TestngInvocationCount"/>
  <testcase name="invocationCountTest" time="0.011" classname="testng.TestngInvocationCount"/>
  <testcase name="invocationCountTest" time="0.000" classname="testng.TestngInvocationCount"/>
  <testcase name="invocationCountTest" time="0.000" classname="testng.TestngInvocationCount"/>
  <testcase name="invocationCountTest" time="0.000" classname="testng.TestngInvocationCount"/>
  <testcase name="invocationCountTest" time="0.000" classname="testng.TestngInvocationCount"/>
  <testcase name="invocationCountTest" time="0.027" classname="testng.TestngInvocationCount"/>
  <testcase name="invocationCountTest" time="0.055" classname="testng.TestngInvocationCount"/>
  <testcase name="invocationCountTest" time="0.002" classname="testng.TestngInvocationCount"/>
  <testcase name="invocationCountTest" time="0.001" classname="testng.TestngInvocationCount"/>
  <testcase name="invocationCountTest" time="0.000" classname="testng.TestngInvocationCount"/>
  <testcase name="invocationCountTest" time="0.000" classname="testng.TestngInvocationCount"/>
  <testcase name="invocationCountTest" time="0.000" classname="testng.TestngInvocationCount"/>
  <testcase name="invocationCountTest" time="0.000" classname="testng.TestngInvocationCount"/>
  <testcase name="invocationCountTest" time="0.000" classname="testng.TestngInvocationCount"/>
  <testcase name="invocationCountTest" time="0.001" classname="testng.TestngInvocationCount"/>
  <testcase name="invocationCountTest" time="0.000" classname="testng.TestngInvocationCount"/>
  <testcase name="invocationCountTest" time="0.000" classname="testng.TestngInvocationCount"/>
  <testcase name="invocationCountTest" time="0.024" classname="testng.TestngInvocationCount"/>
  <testcase name="invocationCountTest" time="0.032" classname="testng.TestngInvocationCount"/>
  <testcase name="invocationCountTest" time="0.017" classname="testng.TestngInvocationCount"/>
  <testcase name="invocationCountTest" time="0.000" classname="testng.TestngInvocationCount"/>
  <testcase name="invocationCountTest" time="0.054" classname="testng.TestngInvocationCount"/>
  <testcase name="invocationCountTest" time="0.105" classname="testng.TestngInvocationCount"/>
  <testcase name="invocationCountTest" time="0.001" classname="testng.TestngInvocationCount"/>
  <testcase name="invocationCountTest" time="0.000" classname="testng.TestngInvocationCount"/>
  <testcase name="invocationCountTest" time="0.000" classname="testng.TestngInvocationCount"/>
  <testcase name="invocationCountTest" time="0.000" classname="testng.TestngInvocationCount"/>
  <testcase name="invocationCountTest" time="0.088" classname="testng.TestngInvocationCount"/>
  <testcase name="invocationCountTest" time="0.000" classname="testng.TestngInvocationCount"/>
  <testcase name="invocationCountTest" time="0.000" classname="testng.TestngInvocationCount"/>
  <testcase name="invocationCountTest" time="0.001" classname="testng.TestngInvocationCount"/>
  <testcase name="invocationCountTest" time="0.000" classname="testng.TestngInvocationCount"/>
  <testcase name="invocationCountTest" time="0.106" classname="testng.TestngInvocationCount"/>
  <testcase name="invocationCountTest" time="0.000" classname="testng.TestngInvocationCount"/>
  <testcase name="invocationCountTest" time="0.106" classname="testng.TestngInvocationCount"/>
  <testcase name="invocationCountTest" time="0.000" classname="testng.TestngInvocationCount"/>
  <testcase name="invocationCountTest" time="0.000" classname="testng.TestngInvocationCount"/>
  <testcase name="invocationCountTest" time="0.000" classname="testng.TestngInvocationCount"/>
  <testcase name="invocationCountTest" time="0.000" classname="testng.TestngInvocationCount"/>
  <testcase name="invocationCountTest" time="0.000" classname="testng.TestngInvocationCount"/>
  <testcase name="invocationCountTest" time="0.001" classname="testng.TestngInvocationCount"/>
  <testcase name="invocationCountTest" time="0.012" classname="testng.TestngInvocationCount"/>
  <testcase name="invocationCountTest" time="0.033" classname="testng.TestngInvocationCount"/>
  <testcase name="invocationCountTest" time="0.030" classname="testng.TestngInvocationCount"/>
  <testcase name="invocationCountTest" time="0.000" classname="testng.TestngInvocationCount"/>
  <testcase name="invocationCountTest" time="0.000" classname="testng.TestngInvocationCount"/>
  <testcase name="invocationCountTest" time="0.000" classname="testng.TestngInvocationCount"/>
  <testcase name="invocationCountTest" time="0.000" classname="testng.TestngInvocationCount"/>
  <testcase name="invocationCountTest" time="0.022" classname="testng.TestngInvocationCount"/>
  <testcase name="invocationCountTest" time="0.033" classname="testng.TestngInvocationCount"/>
  <testcase name="invocationCountTest" time="0.106" classname="testng.TestngInvocationCount"/>
  <testcase name="invocationCountTest" time="0.000" classname="testng.TestngInvocationCount"/>
  <testcase name="invocationCountTest" time="0.014" classname="testng.TestngInvocationCount"/>
  <testcase name="invocationCountTest" time="0.000" classname="testng.TestngInvocationCount"/>
  <testcase name="invocationCountTest" time="0.000" classname="testng.TestngInvocationCount"/>
  <testcase name="invocationCountTest" time="0.106" classname="testng.TestngInvocationCount"/>
  <testcase name="invocationCountTest" time="0.001" classname="testng.TestngInvocationCount"/>
  <testcase name="invocationCountTest" time="0.000" classname="testng.TestngInvocationCount"/>
  <testcase name="invocationCountTest" time="0.000" classname="testng.TestngInvocationCount"/>
  <testcase name="invocationCountTest" time="0.000" classname="testng.TestngInvocationCount"/>
  <testcase name="invocationCountTest" time="0.001" classname="testng.TestngInvocationCount"/>
  <testcase name="invocationCountTest" time="0.000" classname="testng.TestngInvocationCount"/>
  <testcase name="invocationCountTest" time="0.059" classname="testng.TestngInvocationCount"/>
  <testcase name="invocationCountTest" time="0.000" classname="testng.TestngInvocationCount"/>
  <testcase name="invocationCountTest" time="0.000" classname="testng.TestngInvocationCount"/>
  <testcase name="invocationCountTest" time="0.000" classname="testng.TestngInvocationCount"/>
  <testcase name="invocationCountTest" time="0.000" classname="testng.TestngInvocationCount"/>
  <testcase name="invocationCountTest" time="0.020" classname="testng.TestngInvocationCount"/>
  <testcase name="invocationCountTest" time="0.000" classname="testng.TestngInvocationCount"/>
  <testcase name="invocationCountTest" time="0.000" classname="testng.TestngInvocationCount"/>
  <testcase name="invocationCountTest" time="0.000" classname="testng.TestngInvocationCount"/>
  <testcase name="invocationCountTest" time="0.052" classname="testng.TestngInvocationCount"/>
  <testcase name="invocationCountTest" time="0.010" classname="testng.TestngInvocationCount"/>
  <testcase name="invocationCountTest" time="0.106" classname="testng.TestngInvocationCount"/>
  <testcase name="invocationCountTest" time="0.000" classname="testng.TestngInvocationCount"/>
  <testcase name="invocationCountTest" time="0.000" classname="testng.TestngInvocationCount"/>
  <testcase name="invocationCountTest" time="0.000" classname="testng.TestngInvocationCount"/>
  <testcase name="invocationCountTest" time="0.038" classname="testng.TestngInvocationCount"/>
  <testcase name="invocationCountTest" time="0.000" classname="testng.TestngInvocationCount"/>
  <testcase name="invocationCountTest" time="0.000" classname="testng.TestngInvocationCount"/>
  <testcase name="invocationCountTest" time="0.088" classname="testng.TestngInvocationCount"/>
  <testcase name="invocationCountTest" time="0.006" classname="testng.TestngInvocationCount"/>
  <testcase name="invocationCountTest" time="0.001" classname="testng.TestngInvocationCount"/>
  <testcase name="invocationCountTest" time="0.034" classname="testng.TestngInvocationCount"/>
  <testcase name="invocationCountTest" time="0.000" classname="testng.TestngInvocationCount"/>
  <testcase name="invocationCountTest" time="0.001" classname="testng.TestngInvocationCount"/>
  <testcase name="invocationCountTest" time="0.002" classname="testng.TestngInvocationCount"/>
  <testcase name="invocationCountTest" time="0.383" classname="testng.TestngInvocationCount"/>
  <testcase name="invocationCountTest" time="0.000" classname="testng.TestngInvocationCount"/>
  <testcase name="invocationCountTest" time="0.053" classname="testng.TestngInvocationCount"/>
  <testcase name="invocationCountTest" time="0.012" classname="testng.TestngInvocationCount"/>
  <testcase name="invocationCountTest" time="0.037" classname="testng.TestngInvocationCount"/>
  <testcase name="invocationCountTest" time="0.000" classname="testng.TestngInvocationCount"/>
  <testcase name="invocationCountTest" time="0.000" classname="testng.TestngInvocationCount"/>
  <testcase name="invocationCountTest" time="0.000" classname="testng.TestngInvocationCount"/>
  <testcase name="invocationCountTest" time="0.000" classname="testng.TestngInvocationCount"/>
  <testcase name="invocationCountTest" time="0.014" classname="testng.TestngInvocationCount"/>
  <testcase name="invocationCountTest" time="0.000" classname="testng.TestngInvocationCount"/>
  <testcase name="invocationCountTest" time="0.000" classname="testng.TestngInvocationCount"/>
  <testcase name="invocationCountTest" time="0.001" classname="testng.TestngInvocationCount"/>
  <testcase name="invocationCountTest" time="0.062" classname="testng.TestngInvocationCount"/>
  <testcase name="invocationCountTest" time="0.001" classname="testng.TestngInvocationCount"/>
  <testcase name="invocationCountTest" time="0.000" classname="testng.TestngInvocationCount"/>
  <testcase name="invocationCountTest" time="0.105" classname="testng.TestngInvocationCount"/>
  <testcase name="invocationCountTest" time="0.003" classname="testng.TestngInvocationCount"/>
  <testcase name="invocationCountTest" time="0.000" classname="testng.TestngInvocationCount"/>
  <testcase name="invocationCountTest" time="0.000" classname="testng.TestngInvocationCount"/>
  <testcase name="invocationCountTest" time="0.000" classname="testng.TestngInvocationCount"/>
  <testcase name="invocationCountTest" time="0.000" classname="testng.TestngInvocationCount"/>
  <testcase name="invocationCountTest" time="0.008" classname="testng.TestngInvocationCount"/>
  <testcase name="invocationCountTest" time="0.000" classname="testng.TestngInvocationCount"/>
  <testcase name="invocationCountTest" time="0.000" classname="testng.TestngInvocationCount"/>
  <testcase name="invocationCountTest" time="0.000" classname="testng.TestngInvocationCount"/>
  <testcase name="invocationCountTest" time="0.000" classname="testng.TestngInvocationCount"/>
  <testcase name="invocationCountTest" time="0.000" classname="testng.TestngInvocationCount"/>
  <testcase name="invocationCountTest" time="0.089" classname="testng.TestngInvocationCount"/>
  <testcase name="invocationCountTest" time="0.000" classname="testng.TestngInvocationCount"/>
  <testcase name="invocationCountTest" time="0.026" classname="testng.TestngInvocationCount"/>
  <testcase name="invocationCountTest" time="0.025" classname="testng.TestngInvocationCount"/>
  <testcase name="invocationCountTest" time="0.003" classname="testng.TestngInvocationCount"/>
  <testcase name="invocationCountTest" time="0.000" classname="testng.TestngInvocationCount"/>
  <testcase name="invocationCountTest" time="0.004" classname="testng.TestngInvocationCount"/>
  <testcase name="invocationCountTest" time="0.001" classname="testng.TestngInvocationCount"/>
  <testcase name="invocationCountTest" time="0.030" classname="testng.TestngInvocationCount"/>
  <testcase name="invocationCountTest" time="0.003" classname="testng.TestngInvocationCount"/>
  <testcase name="invocationCountTest" time="0.013" classname="testng.TestngInvocationCount"/>
  <testcase name="invocationCountTest" time="0.001" classname="testng.TestngInvocationCount"/>
  <testcase name="invocationCountTest" time="0.000" classname="testng.TestngInvocationCount"/>
  <testcase name="invocationCountTest" time="0.000" classname="testng.TestngInvocationCount"/>
  <testcase name="invocationCountTest" time="0.004" classname="testng.TestngInvocationCount"/>
  <testcase name="invocationCountTest" time="0.000" classname="testng.TestngInvocationCount"/>
  <testcase name="invocationCountTest" time="0.000" classname="testng.TestngInvocationCount"/>
  <testcase name="invocationCountTest" time="0.001" classname="testng.TestngInvocationCount"/>
  <testcase name="invocationCountTest" time="0.000" classname="testng.TestngInvocationCount"/>
  <testcase name="invocationCountTest" time="0.000" classname="testng.TestngInvocationCount"/>
  <testcase name="invocationCountTest" time="0.002" classname="testng.TestngInvocationCount"/>
  <testcase name="invocationCountTest" time="0.000" classname="testng.TestngInvocationCount"/>
  <testcase name="invocationCountTest" time="0.001" classname="testng.TestngInvocationCount"/>
  <testcase name="invocationCountTest" time="0.000" classname="testng.TestngInvocationCount"/>
  <testcase name="invocationCountTest" time="0.106" classname="testng.TestngInvocationCount"/>
  <testcase name="invocationCountTest" time="0.000" classname="testng.TestngInvocationCount"/>
  <testcase name="invocationCountTest" time="0.000" classname="testng.TestngInvocationCount"/>
  <testcase name="invocationCountTest" time="0.000" classname="testng.TestngInvocationCount"/>
  <testcase name="invocationCountTest" time="0.062" classname="testng.TestngInvocationCount"/>
  <testcase name="invocationCountTest" time="0.005" classname="testng.TestngInvocationCount"/>
  <testcase name="invocationCountTest" time="0.000" classname="testng.TestngInvocationCount"/>
  <testcase name="invocationCountTest" time="0.000" classname="testng.TestngInvocationCount"/>
  <testcase name="invocationCountTest" time="0.000" classname="testng.TestngInvocationCount"/>
  <testcase name="invocationCountTest" time="0.000" classname="testng.TestngInvocationCount"/>
  <testcase name="invocationCountTest" time="0.000" classname="testng.TestngInvocationCount"/>
  <testcase name="invocationCountTest" time="0.039" classname="testng.TestngInvocationCount"/>
  <testcase name="invocationCountTest" time="0.001" classname="testng.TestngInvocationCount"/>
  <testcase name="invocationCountTest" time="0.000" classname="testng.TestngInvocationCount"/>
  <testcase name="invocationCountTest" time="0.000" classname="testng.TestngInvocationCount"/>
  <testcase name="invocationCountTest" time="0.000" classname="testng.TestngInvocationCount"/>
  <testcase name="invocationCountTest" time="0.000" classname="testng.TestngInvocationCount"/>
  <testcase name="invocationCountTest" time="0.005" classname="testng.TestngInvocationCount"/>
  <testcase name="invocationCountTest" time="0.008" classname="testng.TestngInvocationCount"/>
  <testcase name="invocationCountTest" time="0.009" classname="testng.TestngInvocationCount"/>
  <testcase name="invocationCountTest" time="0.000" classname="testng.TestngInvocationCount"/>
  <testcase name="invocationCountTest" time="0.000" classname="testng.TestngInvocationCount"/>
  <testcase name="invocationCountTest" time="0.000" classname="testng.TestngInvocationCount"/>
  <testcase name="invocationCountTest" time="0.088" classname="testng.TestngInvocationCount"/>
  <testcase name="invocationCountTest" time="0.000" classname="testng.TestngInvocationCount"/>
  <testcase name="invocationCountTest" time="0.000" classname="testng.TestngInvocationCount"/>
  <testcase name="invocationCountTest" time="0.000" classname="testng.TestngInvocationCount"/>
  <testcase name="invocationCountTest" time="0.000" classname="testng.TestngInvocationCount"/>
  <testcase name="invocationCountTest" time="0.001" classname="testng.TestngInvocationCount"/>
  <testcase name="invocationCountTest" time="0.000" classname="testng.TestngInvocationCount"/>
  <testcase name="invocationCountTest" time="0.000" classname="testng.TestngInvocationCount"/>
  <testcase name="invocationCountTest" time="0.000" classname="testng.TestngInvocationCount"/>
  <testcase name="invocationCountTest" time="0.000" classname="testng.TestngInvocationCount"/>
  <testcase name="invocationCountTest" time="0.000" classname="testng.TestngInvocationCount"/>
  <testcase name="invocationCountTest" time="0.006" classname="testng.TestngInvocationCount"/>
  <testcase name="invocationCountTest" time="0.000" classname="testng.TestngInvocationCount"/>
  <testcase name="invocationCountTest" time="0.000" classname="testng.TestngInvocationCount"/>
  <testcase name="invocationCountTest" time="0.088" classname="testng.TestngInvocationCount"/>
  <testcase name="invocationCountTest" time="0.013" classname="testng.TestngInvocationCount"/>
  <testcase name="invocationCountTest" time="0.037" classname="testng.TestngInvocationCount"/>
  <testcase name="invocationCountTest" time="0.007" classname="testng.TestngInvocationCount"/>
  <testcase name="invocationCountTest" time="0.000" classname="testng.TestngInvocationCount"/>
  <testcase name="invocationCountTest" time="0.007" classname="testng.TestngInvocationCount"/>
  <testcase name="invocationCountTest" time="0.000" classname="testng.TestngInvocationCount"/>
  <testcase name="invocationCountTest" time="0.042" classname="testng.TestngInvocationCount"/>
  <testcase name="invocationCountTest" time="0.001" classname="testng.TestngInvocationCount"/>
  <testcase name="invocationCountTest" time="0.000" classname="testng.TestngInvocationCount"/>
  <testcase name="invocationCountTest" time="0.000" classname="testng.TestngInvocationCount"/>
  <testcase name="invocationCountTest" time="0.038" classname="testng.TestngInvocationCount"/>
  <testcase name="invocationCountTest" time="0.000" classname="testng.TestngInvocationCount"/>
  <testcase name="invocationCountTest" time="0.000" classname="testng.TestngInvocationCount"/>
  <testcase name="invocationCountTest" time="0.000" classname="testng.TestngInvocationCount"/>
  <testcase name="invocationCountTest" time="0.026" classname="testng.TestngInvocationCount"/>
  <testcase name="invocationCountTest" time="0.000" classname="testng.TestngInvocationCount"/>
  <testcase name="invocationCountTest" time="0.033" classname="testng.TestngInvocationCount"/>
  <testcase name="invocationCountTest" time="0.001" classname="testng.TestngInvocationCount"/>
  <testcase name="invocationCountTest" time="0.001" classname="testng.TestngInvocationCount"/>
  <testcase name="invocationCountTest" time="0.033" classname="testng.TestngInvocationCount"/>
  <testcase name="invocationCountTest" time="0.001" classname="testng.TestngInvocationCount"/>
  <testcase name="invocationCountTest" time="0.014" classname="testng.TestngInvocationCount"/>
  <testcase name="invocationCountTest" time="0.000" classname="testng.TestngInvocationCount"/>
  <testcase name="invocationCountTest" time="0.000" classname="testng.TestngInvocationCount"/>
  <testcase name="invocationCountTest" time="0.000" classname="testng.TestngInvocationCount"/>
  <testcase name="invocationCountTest" time="0.000" classname="testng.TestngInvocationCount"/>
  <testcase name="invocationCountTest" time="0.000" classname="testng.TestngInvocationCount"/>
  <testcase name="invocationCountTest" time="0.000" classname="testng.TestngInvocationCount"/>
  <testcase name="invocationCountTest" time="0.001" classname="testng.TestngInvocationCount"/>
  <testcase name="invocationCountTest" time="0.024" classname="testng.TestngInvocationCount"/>
  <testcase name="invocationCountTest" time="0.000" classname="testng.TestngInvocationCount"/>
  <testcase name="invocationCountTest" time="0.040" classname="testng.TestngInvocationCount"/>
  <testcase name="invocationCountTest" time="0.121" classname="testng.TestngInvocationCount"/>
  <testcase name="invocationCountTest" time="0.105" classname="testng.TestngInvocationCount"/>
  <testcase name="invocationCountTest" time="0.002" classname="testng.TestngInvocationCount"/>
  <testcase name="invocationCountTest" time="0.000" classname="testng.TestngInvocationCount"/>
  <testcase name="invocationCountTest" time="0.001" classname="testng.TestngInvocationCount"/>
  <testcase name="invocationCountTest" time="0.062" classname="testng.TestngInvocationCount"/>
  <testcase name="invocationCountTest" time="0.008" classname="testng.TestngInvocationCount"/>
  <testcase name="invocationCountTest" time="0.000" classname="testng.TestngInvocationCount"/>
  <testcase name="invocationCountTest" time="0.033" classname="testng.TestngInvocationCount"/>
  <testcase name="invocationCountTest" time="0.000" classname="testng.TestngInvocationCount"/>
  <testcase name="invocationCountTest" time="0.005" classname="testng.TestngInvocationCount"/>
  <testcase name="invocationCountTest" time="0.001" classname="testng.TestngInvocationCount"/>
  <testcase name="invocationCountTest" time="0.077" classname="testng.TestngInvocationCount"/>
  <testcase name="invocationCountTest" time="0.106" classname="testng.TestngInvocationCount"/>
  <testcase name="invocationCountTest" time="0.000" classname="testng.TestngInvocationCount"/>
  <testcase name="invocationCountTest" time="0.127" classname="testng.TestngInvocationCount"/>
  <testcase name="invocationCountTest" time="0.005" classname="testng.TestngInvocationCount"/>
  <testcase name="invocationCountTest" time="0.000" classname="testng.TestngInvocationCount"/>
</testsuite> <!-- testng.TestngInvocationCount -->
