<?xml version="1.0" encoding="UTF-8"?>
<!-- Generated by org.testng.reporters.JUnitReportReporter -->
<testsuite hostname="ubuntu" name="pageobjects.FlightSearchTest" tests="1" failures="0" timestamp="9 Jun 2013 17:30:27 GMT" time="10.760" errors="0">
  <testcase name="flightSearch" time="10.760" classname="pageobjects.FlightSearchTest"/>
</testsuite> <!-- pageobjects.FlightSearchTest -->
