<?xml version="1.0" encoding="UTF-8"?>
<!-- Generated by org.testng.reporters.JUnitReportReporter -->
<testsuite hostname="ubuntu" name="pageobjects.FlightSearchPageTest" tests="1" failures="0" timestamp="10 Jun 2013 11:58:37 GMT" time="16.684" errors="0">
  <testcase name="flightSearchTest" time="16.684" classname="pageobjects.FlightSearchPageTest"/>
</testsuite> <!-- pageobjects.FlightSearchPageTest -->
