<?xml version="1.0" encoding="UTF-8"?>
<!-- Generated by org.testng.reporters.JUnitReportReporter -->
<testsuite hostname="ubuntu" name="testng.TestngBasicTests" tests="22" failures="0" timestamp="9 Jun 2013 19:16:02 GMT" time="0.017" errors="0">
  <testcase name="myFirstTestngTest" time="0.000" classname="testng.TestngBasicTests"/>
  <testcase name="myFirstTestngTest" time="0.001" classname="testng.TestngBasicTests"/>
  <testcase name="myFirstTestngTest" time="0.001" classname="testng.TestngBasicTests"/>
  <testcase name="myFirstTestngTest" time="0.000" classname="testng.TestngBasicTests"/>
  <testcase name="myFirstTestngTest" time="0.000" classname="testng.TestngBasicTests"/>
  <testcase name="myFirstTestngTest" time="0.000" classname="testng.TestngBasicTests"/>
  <testcase name="myFirstTestngTest" time="0.000" classname="testng.TestngBasicTests"/>
  <testcase name="myFirstTestngTest" time="0.001" classname="testng.TestngBasicTests"/>
  <testcase name="myFirstTestngTest" time="0.000" classname="testng.TestngBasicTests"/>
  <testcase name="myFirstTestngTest" time="0.003" classname="testng.TestngBasicTests"/>
  <testcase name="myFirstTestngTest" time="0.001" classname="testng.TestngBasicTests"/>
  <testcase name="mySecondTestngTest" time="0.001" classname="testng.TestngBasicTests"/>
  <testcase name="myFirstTestngTest" time="0.000" classname="testng.TestngBasicTests"/>
  <testcase name="myFirstTestngTest" time="0.001" classname="testng.TestngBasicTests"/>
  <testcase name="myFirstTestngTest" time="0.001" classname="testng.TestngBasicTests"/>
  <testcase name="myFirstTestngTest" time="0.002" classname="testng.TestngBasicTests"/>
  <testcase name="myFirstTestngTest" time="0.003" classname="testng.TestngBasicTests"/>
  <testcase name="myFirstTestngTest" time="0.000" classname="testng.TestngBasicTests"/>
  <testcase name="myFirstTestngTest" time="0.000" classname="testng.TestngBasicTests"/>
  <testcase name="myFirstTestngTest" time="0.001" classname="testng.TestngBasicTests"/>
  <testcase name="myThirdTestngTest" time="0.001" classname="testng.TestngBasicTests"/>
  <testcase name="myFirstTestngTest" time="0.000" classname="testng.TestngBasicTests"/>
</testsuite> <!-- testng.TestngBasicTests -->
