<?xml version="1.0" encoding="UTF-8"?>
<!-- Generated by org.testng.reporters.JUnitReportReporter -->
<testsuite hostname="ubuntu" name="testng.TestngBasicTests" tests="22" failures="0" timestamp="9 Jun 2013 19:15:34 GMT" time="0.041" errors="0">
  <testcase name="myFirstTestngTest" time="0.000" classname="testng.TestngBasicTests"/>
  <testcase name="myFirstTestngTest" time="0.004" classname="testng.TestngBasicTests"/>
  <testcase name="myFirstTestngTest" time="0.000" classname="testng.TestngBasicTests"/>
  <testcase name="myFirstTestngTest" time="0.001" classname="testng.TestngBasicTests"/>
  <testcase name="myFirstTestngTest" time="0.001" classname="testng.TestngBasicTests"/>
  <testcase name="myFirstTestngTest" time="0.001" classname="testng.TestngBasicTests"/>
  <testcase name="myFirstTestngTest" time="0.008" classname="testng.TestngBasicTests"/>
  <testcase name="myThirdTestngTest" time="0.000" classname="testng.TestngBasicTests"/>
  <testcase name="myFirstTestngTest" time="0.000" classname="testng.TestngBasicTests"/>
  <testcase name="mySecondTestngTest" time="0.000" classname="testng.TestngBasicTests"/>
  <testcase name="myFirstTestngTest" time="0.000" classname="testng.TestngBasicTests"/>
  <testcase name="myFirstTestngTest" time="0.001" classname="testng.TestngBasicTests"/>
  <testcase name="myFirstTestngTest" time="0.000" classname="testng.TestngBasicTests"/>
  <testcase name="myFirstTestngTest" time="0.000" classname="testng.TestngBasicTests"/>
  <testcase name="myFirstTestngTest" time="0.000" classname="testng.TestngBasicTests"/>
  <testcase name="myFirstTestngTest" time="0.000" classname="testng.TestngBasicTests"/>
  <testcase name="myFirstTestngTest" time="0.010" classname="testng.TestngBasicTests"/>
  <testcase name="myFirstTestngTest" time="0.013" classname="testng.TestngBasicTests"/>
  <testcase name="myFirstTestngTest" time="0.000" classname="testng.TestngBasicTests"/>
  <testcase name="myFirstTestngTest" time="0.001" classname="testng.TestngBasicTests"/>
  <testcase name="myFirstTestngTest" time="0.000" classname="testng.TestngBasicTests"/>
  <testcase name="myFirstTestngTest" time="0.001" classname="testng.TestngBasicTests"/>
</testsuite> <!-- testng.TestngBasicTests -->
