<?xml version="1.0" encoding="UTF-8"?>
<!-- Generated by org.testng.reporters.JUnitReportReporter -->
<testsuite hostname="ubuntu" name="testng.TestngBasicTests" tests="12" failures="0" timestamp="25 Jun 2013 23:34:35 GMT" time="0.189" errors="0">
  <testcase name="mySecondTestngTest" time="0.000" classname="testng.TestngBasicTests"/>
  <testcase name="myFirstTestngTest" time="0.016" classname="testng.TestngBasicTests"/>
  <testcase name="myFirstTestngTest" time="0.013" classname="testng.TestngBasicTests"/>
  <testcase name="myThirdTestngTest" time="0.000" classname="testng.TestngBasicTests"/>
  <testcase name="myFirstTestngTest" time="0.033" classname="testng.TestngBasicTests"/>
  <testcase name="myFirstTestngTest" time="0.011" classname="testng.TestngBasicTests"/>
  <testcase name="myFirstTestngTest" time="0.013" classname="testng.TestngBasicTests"/>
  <testcase name="myFirstTestngTest" time="0.013" classname="testng.TestngBasicTests"/>
  <testcase name="myFirstTestngTest" time="0.015" classname="testng.TestngBasicTests"/>
  <testcase name="myFirstTestngTest" time="0.029" classname="testng.TestngBasicTests"/>
  <testcase name="myFirstTestngTest" time="0.027" classname="testng.TestngBasicTests"/>
  <testcase name="myFirstTestngTest" time="0.019" classname="testng.TestngBasicTests"/>
</testsuite> <!-- testng.TestngBasicTests -->
