<?xml version="1.0" encoding="UTF-8"?>
<!-- Generated by org.testng.reporters.JUnitReportReporter -->
<testsuite hostname="ubuntu" name="testng.TestngBasicTests" tests="22" failures="0" timestamp="25 Jun 2013 23:25:00 GMT" time="0.142" errors="0">
  <testcase name="mySecondTestngTest" time="0.000" classname="testng.TestngBasicTests"/>
  <testcase name="myFirstTestngTest" time="0.000" classname="testng.TestngBasicTests"/>
  <testcase name="myFirstTestngTest" time="0.001" classname="testng.TestngBasicTests"/>
  <testcase name="myFirstTestngTest" time="0.014" classname="testng.TestngBasicTests"/>
  <testcase name="myFirstTestngTest" time="0.000" classname="testng.TestngBasicTests"/>
  <testcase name="myFirstTestngTest" time="0.000" classname="testng.TestngBasicTests"/>
  <testcase name="myFirstTestngTest" time="0.014" classname="testng.TestngBasicTests"/>
  <testcase name="myFirstTestngTest" time="0.013" classname="testng.TestngBasicTests"/>
  <testcase name="myThirdTestngTest" time="0.000" classname="testng.TestngBasicTests"/>
  <testcase name="myFirstTestngTest" time="0.000" classname="testng.TestngBasicTests"/>
  <testcase name="myFirstTestngTest" time="0.016" classname="testng.TestngBasicTests"/>
  <testcase name="myFirstTestngTest" time="0.011" classname="testng.TestngBasicTests"/>
  <testcase name="myFirstTestngTest" time="0.000" classname="testng.TestngBasicTests"/>
  <testcase name="myFirstTestngTest" time="0.000" classname="testng.TestngBasicTests"/>
  <testcase name="myFirstTestngTest" time="0.000" classname="testng.TestngBasicTests"/>
  <testcase name="myFirstTestngTest" time="0.014" classname="testng.TestngBasicTests"/>
  <testcase name="myFirstTestngTest" time="0.000" classname="testng.TestngBasicTests"/>
  <testcase name="myFirstTestngTest" time="0.013" classname="testng.TestngBasicTests"/>
  <testcase name="myFirstTestngTest" time="0.022" classname="testng.TestngBasicTests"/>
  <testcase name="myFirstTestngTest" time="0.010" classname="testng.TestngBasicTests"/>
  <testcase name="myFirstTestngTest" time="0.014" classname="testng.TestngBasicTests"/>
  <testcase name="myFirstTestngTest" time="0.000" classname="testng.TestngBasicTests"/>
</testsuite> <!-- testng.TestngBasicTests -->
