<?xml version="1.0" encoding="UTF-8"?>
<!-- Generated by org.testng.reporters.JUnitReportReporter -->
<testsuite hostname="ubuntu" name="pageobjects.BasicFlightSearchTest" tests="1" failures="0" timestamp="9 Jun 2013 19:15:34 GMT" time="27.605" errors="0">
  <testcase name="flightSearch" time="27.605" classname="pageobjects.BasicFlightSearchTest"/>
</testsuite> <!-- pageobjects.BasicFlightSearchTest -->
