<?xml version="1.0" encoding="UTF-8"?>
<!-- Generated by org.testng.reporters.JUnitReportReporter -->
<testsuite hostname="ubuntu" name="pageobjects.FlightSearchPageTest" tests="1" failures="0" timestamp="9 Jun 2013 19:15:34 GMT" time="5.649" errors="0">
  <testcase name="flightSearchTest" time="5.649" classname="pageobjects.FlightSearchPageTest"/>
</testsuite> <!-- pageobjects.FlightSearchPageTest -->
