<?xml version="1.0" encoding="UTF-8"?>
<!-- Generated by org.testng.reporters.JUnitReportReporter -->
<testsuite hostname="ubuntu" name="testng.TestngInvocationCount" tests="10" failures="0" timestamp="9 Jun 2013 19:15:34 GMT" time="0.008" errors="0">
  <testcase name="invocationCountTest" time="0.001" classname="testng.TestngInvocationCount"/>
  <testcase name="invocationCountTest" time="0.004" classname="testng.TestngInvocationCount"/>
  <testcase name="invocationCountTest" time="0.000" classname="testng.TestngInvocationCount"/>
  <testcase name="invocationCountTest" time="0.000" classname="testng.TestngInvocationCount"/>
  <testcase name="invocationCountTest" time="0.001" classname="testng.TestngInvocationCount"/>
  <testcase name="invocationCountTest" time="0.000" classname="testng.TestngInvocationCount"/>
  <testcase name="invocationCountTest" time="0.001" classname="testng.TestngInvocationCount"/>
  <testcase name="invocationCountTest" time="0.000" classname="testng.TestngInvocationCount"/>
  <testcase name="invocationCountTest" time="0.001" classname="testng.TestngInvocationCount"/>
  <testcase name="invocationCountTest" time="0.000" classname="testng.TestngInvocationCount"/>
</testsuite> <!-- testng.TestngInvocationCount -->
