<?xml version="1.0" encoding="UTF-8"?>
<!-- Generated by org.testng.reporters.JUnitReportReporter -->
<testsuite hostname="ubuntu" name="testng.TestngAnnotationsBeforeAfter" tests="3" failures="0" timestamp="9 Jun 2013 19:15:34 GMT" time="0.003" errors="0">
  <testcase name="mytest2" time="0.001" classname="testng.TestngAnnotationsBeforeAfter"/>
  <testcase name="mytest1" time="0.002" classname="testng.TestngAnnotationsBeforeAfter"/>
  <testcase name="mytest3" time="0.000" classname="testng.TestngAnnotationsBeforeAfter"/>
</testsuite> <!-- testng.TestngAnnotationsBeforeAfter -->
